Precompiling packages...
  18328.5 ms  ✓ Revise (serial)
  1 dependency successfully precompiled in 19 seconds
Precompiling packages...
  23232.0 ms  ✓ ReactantCore
              ✗ Roots
   2502.5 ms  ✓ PrecompileTools
   4642.3 ms  ✓ JLLWrappers
   9604.8 ms  ✓ MPIPreferences
  21707.0 ms  ✓ CommonDataModel
  14228.0 ms  ✓ Bzip2_jll
  12181.1 ms  ✓ demumble_jll
  14430.4 ms  ✓ Xorg_libpciaccess_jll
  13687.6 ms  ✓ NVTX_jll
  13621.9 ms  ✓ LibTracyClient_jll
  14781.1 ms  ✓ libaec_jll
  15935.0 ms  ✓ Lz4_jll
  13159.0 ms  ✓ XZ_jll
  24075.9 ms  ✓ StringManipulation
  20710.7 ms  ✓ IntelOpenMP_jll
  10704.8 ms  ✓ MicrosoftMPI_jll
  12750.3 ms  ✓ JuliaNVTXCallbacks_jll
  13361.8 ms  ✓ Zstd_jll
  14221.0 ms  ✓ MbedTLS_jll
  13867.9 ms  ✓ Tracy
  14370.1 ms  ✓ Libiconv_jll
  13338.7 ms  ✓ OpenSpecFun_jll
              ✗ Roots → RootsUnitfulExt
  11396.0 ms  ✓ FFTW_jll
  22403.0 ms  ✓ oneTBB_jll
  23299.1 ms  ✓ LLVMExtra_jll
  10560.0 ms  ✓ ChunkCodecLibZstd
  41616.0 ms  ✓ CUDA_Driver_jll
  18974.0 ms  ✓ MPItrampoline_jll
  11340.2 ms  ✓ Blosc_jll
  14205.0 ms  ✓ NVTX
  11964.5 ms  ✓ XML2_jll
  13101.6 ms  ✓ libzip_jll
  17187.2 ms  ✓ MbedTLS
   9774.0 ms  ✓ NVTX → NVTXColorsExt
  10237.3 ms  ✓ Hwloc_jll
  23923.2 ms  ✓ MKL_jll
  61998.1 ms  ✓ Static
   8473.5 ms  ✓ BitTwiddlingConvenienceFunctions
  36972.1 ms  ✓ SpecialFunctions
  18047.5 ms  ✓ MPICH_jll
  23993.8 ms  ✓ OpenMPI_jll
  18451.0 ms  ✓ CPUSummary
  10442.5 ms  ✓ ColorVectorSpace → SpecialFunctionsExt
  14738.2 ms  ✓ HostCPUFeatures
  43174.7 ms  ✓ CUDA_Runtime_jll
  11119.0 ms  ✓ PolyesterWeave
 109636.5 ms  ✓ StaticArrays
  36182.3 ms  ✓ HDF5_jll
  11123.5 ms  ✓ StaticArrays → StaticArraysStatisticsExt
  11040.2 ms  ✓ ConstructionBase → ConstructionBaseStaticArraysExt
  10894.7 ms  ✓ Adapt → AdaptStaticArraysExt
  36559.7 ms  ✓ CUDA_Compiler_jll
  16919.0 ms  ✓ TaylorSeries → TaylorSeriesSAExt
  66753.0 ms  ✓ ForwardDiff
 103893.7 ms  ✓ LLVM
  29957.6 ms  ✓ StructArrays → StructArraysStaticArraysExt
  42101.0 ms  ✓ NetCDF_jll
 101875.2 ms  ✓ FFTW
  24528.0 ms  ✓ Unitful → ForwardDiffExt
  25250.1 ms  ✓ RootSolvers
  26920.4 ms  ✓ ForwardDiff → ForwardDiffStaticArraysExt
  56826.0 ms  ✓ Rotations
  93934.0 ms  ✓ MPI
  32198.9 ms  ✓ GPUToolbox
  21046.0 ms  ✓ LLVM → BFloat16sExt
              ✗ Roots → RootsForwardDiffExt
  70824.4 ms  ✓ NearestNeighbors
  31550.6 ms  ✓ UnsafeAtomics → UnsafeAtomicsLLVM
  76241.7 ms  ✓ KernelAbstractions
  36470.3 ms  ✓ Thermodynamics
  10033.1 ms  ✓ KernelAbstractions → LinearAlgebraExt
  11195.3 ms  ✓ StructArrays → StructArraysGPUArraysCoreExt
  14021.1 ms  ✓ KernelAbstractions → SparseArraysExt
 242065.9 ms  ✓ ImageCore
  51223.4 ms  ✓ MeshArrays
 213148.9 ms  ✓ HTTP
 221325.0 ms  ✓ StaticArrayInterface
  43070.2 ms  ✓ FileIO → HTTPExt
  24247.0 ms  ✓ StaticArrayInterface → StaticArrayInterfaceOffsetArraysExt
 147424.0 ms  ✓ NCDatasets
  25918.3 ms  ✓ CloseOpenIntervals
  32556.0 ms  ✓ LayoutPointers
  34194.0 ms  ✓ StaticArrayInterface → StaticArrayInterfaceStaticArraysExt
  16581.3 ms  ✓ TiledIteration
 300749.9 ms  ✓ PrettyTables
  67586.7 ms  ✓ DataDeps
 119464.2 ms  ✓ GPUArrays
  25841.7 ms  ✓ NCDatasets → NCDatasetsMPIExt
  39195.7 ms  ✓ MeshArrays → MeshArraysDataDepsExt
  65181.7 ms  ✓ VectorizationBase
 341125.9 ms  ✓ JLD2
  11471.3 ms  ✓ JLD2 → UnPackExt
  13485.7 ms  ✓ TaylorSeries → TaylorSeriesJLD2Ext
  15928.0 ms  ✓ SLEEFPirates
  52602.0 ms  ✓ GPUArrays → JLD2Ext
  53923.4 ms  ✓ MeshArrays → MeshArraysJLD2Ext
 286735.8 ms  ✓ GPUCompiler
 119017.0 ms  ✓ LoopVectorization
  12630.0 ms  ✓ LoopVectorization → SpecialFunctionsExt
  21371.0 ms  ✓ ImageMorphology
 170805.9 ms  ✓ Oceananigans
 135845.4 ms  ✓ CUDA
  41646.0 ms  ✓ ClimaSeaIce
  27202.9 ms  ✓ MPI → CUDAExt
  45895.0 ms  ✓ Oceananigans → OceananigansNCDatasetsExt
  31562.1 ms  ✓ Atomix → AtomixCUDAExt
  31450.8 ms  ✓ ArrayInterface → ArrayInterfaceCUDAExt
  31677.1 ms  ✓ CUDA → SpecialFunctionsExt
  34931.1 ms  ✓ Oceananigans → OceananigansCUDAExt
  61349.3 ms  ✓ NumericalEarth
  109 dependencies successfully precompiled in 802 seconds. 158 already precompiled.
Precompiling packages...
   1833.9 ms  ✓ DistributedExt (serial)
  1 dependency successfully precompiled in 2 seconds
[ Info: Loading cached bathymetry from /home/ssilvest/.julia/scratchspaces/904d977b-046a-4731-8b86-9235c0d1ef02/bathymetry_cache/bathymetry_360x180_0.0_360.0_-87.12299517498876_90.0_f710ae54.jld2
[ Info: Loading cached bathymetry from /home/ssilvest/.julia/scratchspaces/904d977b-046a-4731-8b86-9235c0d1ef02/bathymetry_cache/bathymetry_360x180_0.0_360.0_-87.12299517498876_90.0_f710ae54.jld2
ERROR: LoadError: UndefVarError: `ORCA1Grid` not defined in `Main`
Suggestion: check for spelling errors or missing imports.
Stacktrace:
 [1] top-level scope
   @ /orcd/scratch/orcd/003/ssilvest/NumericalEarth.jl/diagnostic_runs_4.jl:14
 [2] include(mod::Module, _path::String)
   @ Base ./Base.jl:306
 [3] exec_options(opts::Base.JLOptions)
   @ Base ./client.jl:317
 [4] _start()
   @ Base ./client.jl:550
in expression starting at /orcd/scratch/orcd/003/ssilvest/NumericalEarth.jl/diagnostic_runs_4.jl:14
