Precompiling packages...
              ✗ Roots
              ✗ Roots → RootsUnitfulExt
              ✗ Roots → RootsForwardDiffExt
  61777.9 ms  ✓ NumericalEarth
  1 dependency successfully precompiled in 74 seconds. 266 already precompiled.
[ Info: Loading cached bathymetry from /home/ssilvest/.julia/scratchspaces/904d977b-046a-4731-8b86-9235c0d1ef02/bathymetry_cache/bathymetry_360x180_0.0_360.0_-87.12299517498876_90.0_f710ae54.jld2
[ Info: Downloading EN4 data: salinity in /home/ssilvest/.julia/scratchspaces/904d977b-046a-4731-8b86-9235c0d1ef02/EN4...
[ Info: Downloading  (size: 300.5 MiB)...
[ Info:  ... downloaded 30.1 MiB (10% complete, 621.878 ms)
[ Info:  ... downloaded 60.1 MiB (20% complete, 1.600 seconds)
[ Info:  ... downloaded 90.2 MiB (30% complete, 2.030 seconds)
[ Info:  ... downloaded 120.2 MiB (40% complete, 2.575 seconds)
[ Info:  ... downloaded 150.2 MiB (50% complete, 2.862 seconds)
[ Info:  ... downloaded 180.3 MiB (60% complete, 3.356 seconds)
[ Info:  ... downloaded 210.3 MiB (70% complete, 4.264 seconds)
[ Info:  ... downloaded 240.4 MiB (80% complete, 4.581 seconds)
[ Info:  ... downloaded 270.4 MiB (90% complete, 4.850 seconds)
[ Info:  ... downloaded 300.5 MiB (100% complete, 5.123 seconds)
[ Info: Downloading EN4 data: salinity in /home/ssilvest/.julia/scratchspaces/904d977b-046a-4731-8b86-9235c0d1ef02/EN4...
[ Info: Downloading EN4 data: salinity in /home/ssilvest/.julia/scratchspaces/904d977b-046a-4731-8b86-9235c0d1ef02/EN4...
[ Info: Inpainting EN4Monthly salinity data from 1961-01-01T00:00:00...
[ Info:  ... (9.892 seconds)
[ Info: Inpainting EN4Monthly salinity data from 1961-02-01T00:00:00...
[ Info:  ... (24.961 ms)
[ Info: Inpainting EN4Monthly salinity data from 1961-03-01T00:00:00...
[ Info:  ... (24.781 ms)
[ Info: Inpainting EN4Monthly salinity data from 1961-04-01T00:00:00...
[ Info:  ... (24.587 ms)
[ Info: Inpainting EN4Monthly salinity data from 1961-05-01T00:00:00...
[ Info:  ... (24.566 ms)
[ Info: Inpainting EN4Monthly salinity data from 1961-06-01T00:00:00...
[ Info:  ... (24.793 ms)
[ Info: Inpainting EN4Monthly salinity data from 1961-07-01T00:00:00...
[ Info:  ... (24.790 ms)
[ Info: Inpainting EN4Monthly salinity data from 1961-08-01T00:00:00...
[ Info:  ... (24.683 ms)
[ Info: Inpainting EN4Monthly salinity data from 1961-09-01T00:00:00...
[ Info:  ... (24.732 ms)
[ Info: Inpainting EN4Monthly salinity data from 1961-10-01T00:00:00...
[ Info:  ... (24.715 ms)
[ Info: Loading cached bathymetry from /home/ssilvest/.julia/scratchspaces/904d977b-046a-4731-8b86-9235c0d1ef02/bathymetry_cache/bathymetry_360x180_0.0_360.0_-87.12299517498876_90.0_f710ae54.jld2
┌ Warning: `end_date` (1990-12-31T21:00:00) is after the last date in the dataset 1990-12-31T00:00:00
└ @ NumericalEarth.DataWrangling /orcd/scratch/orcd/003/ssilvest/NumericalEarth.jl/src/DataWrangling/metadata.jl:318
┌ Warning: `end_date` (1990-12-31T21:00:00) is after the last date in the dataset 1990-12-31T00:00:00
└ @ NumericalEarth.DataWrangling /orcd/scratch/orcd/003/ssilvest/NumericalEarth.jl/src/DataWrangling/metadata.jl:318
┌ Info: Built ocean simulation
│   grid = "360×180×75 ImmersedBoundaryGrid{Float64, Periodic, RightCenterFolded, Bounded} on CUDAGPU with 7×7×7 halo"
│   ocean_kwargs =
│    (closure = (CATKEVerticalDiffusivity{VerticallyImplicitTimeDiscretization}
│    ├── maximum_tracer_diffusivity: Inf
│    ├── maximum_tke_diffusivity: Inf
│    ├── maximum_viscosity: Inf
│    ├── minimum_tke: 1.0e-9
│    ├── negative_tke_time_scale: 60.0
│    ├── minimum_convective_buoyancy_flux: 1.0e-11
│    ├── tke_time_step: Nothing
│    ├── mixing_length: TKEBasedVerticalDiffusivities.CATKEMixingLength
│    │   ├── Cˢ:   1.131
│    │   ├── Cᵇ:   0.01
│    │   ├── Cʰⁱu: 0.242
│    │   ├── Cʰⁱc: 0.098
│    │   ├── Cʰⁱe: 0.548
│    │   ├── Cˡᵒu: 0.361
│    │   ├── Cˡᵒc: 0.369
│    │   ├── Cˡᵒe: 7.863
│    │   ├── Cᵘⁿu: 0.37
│    │   ├── Cᵘⁿc: 0.572
│    │   ├── Cᵘⁿe: 1.447
│    │   ├── Cᶜu:  3.705
│    │   ├── Cᶜc:  4.793
│    │   ├── Cᶜe:  3.642
│    │   ├── Cᵉc:  0.112
│    │   ├── Cᵉe:  0.0
│    │   ├── Cˢᵖ:  0.505
│    │   ├── CRiᵟ: 1.02
│    │   └── CRi⁰: 0.254
│    └── turbulent_kinetic_energy_equation: TKEBasedVerticalDiffusivities.CATKEEquation
│        ├── CʰⁱD: 0.579
│        ├── CˡᵒD: 1.604
│        ├── CᵘⁿD: 0.923
│        ├── CᶜD:  3.254
│        ├── CᵉD:  0.0
│        ├── Cᵂu★: 3.179
│        ├── CᵂwΔ: 0.383
│        └── Cᵂϵ:  1.0, VerticalScalarDiffusivity{ExplicitTimeDiscretization}(ν=0.0001, κ=1.0e-5), ScalarBiharmonicDiffusivity{HorizontalFormulation}(ν=Oceananigans.TurbulenceClosures.DiscreteDiffusionFunction{Nothing, Nothing, Nothing, Float64, var"#νhb#default_ocean_configuration##1"}, κ=0.0)), free_surface = SplitExplicitFreeSurface substepping with FixedSubstepNumber(108)
│    , momentum_advection = WENOVectorInvariant{3, Float64, Float32}(vorticity_order=5, vertical_order=5)
│    ├── vorticity_scheme: WENO{3, Float64, Float32}(order=5)
│    ├── vorticity_stencil: Oceananigans.Advection.VelocityStencil
│    ├── vertical_advection_scheme: WENO{3, Float64, Float32}(order=5)
│    ├── kinetic_energy_gradient_scheme: WENO{3, Float64, Float32}(order=5)
│    ├── divergence_scheme: WENO{3, Float64, Float32}(order=5)
│    └── upwinding: OnlySelfUpwinding, tracer_advection = WENO{3, Float64, Float32}(order=5)
│    ├── buffer_scheme: WENO{2, Float64, Float32}(order=3)
│    │   └── buffer_scheme: Centered(order=2)
│    └── advecting_velocity_scheme: Centered(order=4), timestepper = :SplitRungeKutta3, forcing = (S = DatasetRestoring:
│    ├── variable_name: salinity
│    ├── rate: 3.8580246913580245e-7
│    ├── field_time_series: 360×180×75×29 FieldTimeSeries{NumericalEarth.DataWrangling.DatasetBackend} located at (Center, Center, Center) on GPU{CUDABackend}
│    │    ├── dataset: EN4Monthly
│    │    ├── dates: [DateTime("1961-01-01T00:00:00"), DateTime("1961-02-01T00:00:00"), DateTime("1961-03-01T00:00:00"), DateTime("1961-04-01T00:00:00"), DateTime("1961-05-01T00:00:00"), DateTime("1961-06-01T00:00:00"), DateTime("1961-07-01T00:00:00"), DateTime("1961-08-01T00:00:00"), DateTime("1961-09-01T00:00:00"), DateTime("1961-10-01T00:00:00")  …  DateTime("1962-08-01T00:00:00"), DateTime("1962-09-01T00:00:00"), DateTime("1962-10-01T00:00:00"), DateTime("1962-11-01T00:00:00"), DateTime("1962-12-01T00:00:00"), DateTime("1963-01-01T00:00:00"), DateTime("1963-02-01T00:00:00"), DateTime("1963-03-01T00:00:00"), DateTime("1963-04-01T00:00:00"), DateTime("1963-05-01T00:00:00")]
│    │    ├── time_indexing: Cyclical(period=7.6032e7)
│    │    └── dir: /home/ssilvest/.julia/scratchspaces/904d977b-046a-4731-8b86-9235c0d1ef02/EN4
│    ├── mask: (::var"#mask#default_ocean_configuration##0"{Float64}) (generic function with 1 method)
└    └── native_grid: Nothing,), radiative_forcing = nothing)
[ Info: Downloading EN4 data: temperature in /home/ssilvest/.julia/scratchspaces/904d977b-046a-4731-8b86-9235c0d1ef02/EN4...
[ Info: Inpainting EN4Monthly temperature data from 1965-01-01T00:00:00...
[ Info:  ... (18.843 ms)
[ Info: Inpainting EN4Monthly salinity data from 1965-01-01T00:00:00...
[ Info:  ... (18.657 ms)
[ Info: Set default EN4 initial conditions for 1965-01-01
[ Info: Built sea ice simulation with ECCO4 initial conditions
[ Info: Built atmosphere and radiation
┌ Info: Starting simulation
│   output_name = "baseline"
└   stop_time = 6.31584e7
[ Info: Initializing simulation...
[ Info: time: 0 seconds, iter: 0, Δt: 20 minutes, max|u|: (0.00e+00, 0.00e+00, 0.00e+00) m/s, T: (-1.88, 29.99) °C, S: (11.88, 40.64) g/kg, η: (0.00, 0.00) m, wall: 53.281 seconds
[ Info:     ... simulation initialization complete (34.190 seconds)
[ Info: Executing initial time step...
[ Info:     ... initial time step complete (6.595 minutes).
[ Info: time: 3.333 hours, iter: 10, Δt: 20 minutes, max|u|: (1.02e+00, 9.90e-01, 6.55e-03) m/s, T: (-1.88, 30.57) °C, S: (11.89, 40.64) g/kg, η: (-1.33, 1.21) m, wall: 6.627 minutes
[ Info: time: 6.667 hours, iter: 20, Δt: 20 minutes, max|u|: (1.22e+00, 1.37e+00, 1.14e-02) m/s, T: (-1.88, 30.71) °C, S: (11.89, 40.64) g/kg, η: (-2.60, 2.03) m, wall: 1.085 seconds
[ Info: time: 10 hours, iter: 30, Δt: 20 minutes, max|u|: (1.22e+00, 1.63e+00, 1.45e-02) m/s, T: (-1.88, 30.65) °C, S: (11.89, 40.64) g/kg, η: (-2.60, 1.94) m, wall: 1.084 seconds
[ Info: time: 13.333 hours, iter: 40, Δt: 20 minutes, max|u|: (1.34e+00, 1.82e+00, 1.57e-02) m/s, T: (-1.88, 30.55) °C, S: (11.89, 40.64) g/kg, η: (-2.15, 1.87) m, wall: 1.080 seconds
[ Info: time: 16.667 hours, iter: 50, Δt: 20 minutes, max|u|: (1.34e+00, 1.52e+00, 1.52e-02) m/s, T: (-1.88, 30.45) °C, S: (11.89, 40.64) g/kg, η: (-2.90, 1.84) m, wall: 1.081 seconds
[ Info: time: 20 hours, iter: 60, Δt: 20 minutes, max|u|: (1.49e+00, 1.66e+00, 1.35e-02) m/s, T: (-1.88, 30.40) °C, S: (11.89, 40.64) g/kg, η: (-2.05, 2.13) m, wall: 1.085 seconds
[ Info: time: 23.333 hours, iter: 70, Δt: 20 minutes, max|u|: (1.76e+00, 1.91e+00, 1.25e-02) m/s, T: (-1.88, 30.78) °C, S: (11.89, 40.64) g/kg, η: (-2.82, 2.35) m, wall: 1.068 seconds
[ Info: time: 1.111 days, iter: 80, Δt: 20 minutes, max|u|: (2.37e+00, 2.08e+00, 1.23e-02) m/s, T: (-1.88, 31.46) °C, S: (11.89, 40.64) g/kg, η: (-3.10, 3.56) m, wall: 1.075 seconds
[ Info: time: 1.250 days, iter: 90, Δt: 20 minutes, max|u|: (2.33e+00, 1.62e+00, 1.19e-02) m/s, T: (-1.88, 31.77) °C, S: (11.89, 40.64) g/kg, η: (-3.53, 2.77) m, wall: 1.080 seconds
[ Info: time: 1.389 days, iter: 100, Δt: 20 minutes, max|u|: (1.69e+00, 1.60e+00, 1.12e-02) m/s, T: (-1.88, 31.78) °C, S: (11.89, 40.64) g/kg, η: (-3.05, 2.93) m, wall: 1.074 seconds
[ Info: time: 1.528 days, iter: 110, Δt: 20 minutes, max|u|: (2.62e+00, 1.74e+00, 1.04e-02) m/s, T: (-1.88, 31.66) °C, S: (11.89, 40.64) g/kg, η: (-2.21, 2.28) m, wall: 1.070 seconds
[ Info: time: 1.667 days, iter: 120, Δt: 20 minutes, max|u|: (2.77e+00, 1.07e+00, 9.50e-03) m/s, T: (-1.88, 31.47) °C, S: (11.89, 40.64) g/kg, η: (-2.72, 2.98) m, wall: 1.078 seconds
[ Info: time: 1.806 days, iter: 130, Δt: 20 minutes, max|u|: (2.79e+00, 1.19e+00, 8.54e-03) m/s, T: (-1.88, 31.25) °C, S: (11.89, 40.64) g/kg, η: (-2.82, 2.65) m, wall: 1.075 seconds
[ Info: time: 1.944 days, iter: 140, Δt: 20 minutes, max|u|: (2.41e+00, 1.72e+00, 7.95e-03) m/s, T: (-1.88, 31.49) °C, S: (11.89, 40.64) g/kg, η: (-2.34, 2.10) m, wall: 1.065 seconds
[ Info: time: 2.083 days, iter: 150, Δt: 20 minutes, max|u|: (2.32e+00, 1.73e+00, 8.25e-03) m/s, T: (-1.88, 32.09) °C, S: (11.89, 40.64) g/kg, η: (-2.20, 1.88) m, wall: 1.080 seconds
[ Info: time: 2.222 days, iter: 160, Δt: 20 minutes, max|u|: (2.79e+00, 1.15e+00, 8.49e-03) m/s, T: (-1.88, 32.39) °C, S: (11.89, 40.64) g/kg, η: (-2.08, 1.64) m, wall: 1.074 seconds
[ Info: time: 2.361 days, iter: 170, Δt: 20 minutes, max|u|: (2.34e+00, 1.29e+00, 8.67e-03) m/s, T: (-1.88, 32.22) °C, S: (11.89, 40.64) g/kg, η: (-2.08, 1.79) m, wall: 1.069 seconds
[ Info: time: 2.500 days, iter: 180, Δt: 20 minutes, max|u|: (2.19e+00, 1.16e+00, 8.73e-03) m/s, T: (-1.88, 31.97) °C, S: (11.89, 40.64) g/kg, η: (-2.11, 1.66) m, wall: 1.073 seconds
[ Info: time: 2.639 days, iter: 190, Δt: 20 minutes, max|u|: (1.66e+00, 1.63e+00, 8.66e-03) m/s, T: (-1.88, 31.80) °C, S: (11.89, 40.64) g/kg, η: (-2.46, 1.72) m, wall: 1.073 seconds
[ Info: time: 2.778 days, iter: 200, Δt: 20 minutes, max|u|: (1.92e+00, 1.25e+00, 8.50e-03) m/s, T: (-1.88, 31.67) °C, S: (11.89, 40.64) g/kg, η: (-2.52, 1.68) m, wall: 1.075 seconds
[ Info: time: 2.917 days, iter: 210, Δt: 20 minutes, max|u|: (2.07e+00, 1.53e+00, 8.33e-03) m/s, T: (-1.88, 31.84) °C, S: (11.89, 40.64) g/kg, η: (-3.19, 1.99) m, wall: 1.076 seconds
[ Info: time: 3.056 days, iter: 220, Δt: 20 minutes, max|u|: (1.76e+00, 2.16e+00, 8.08e-03) m/s, T: (-1.88, 32.37) °C, S: (11.89, 40.64) g/kg, η: (-2.58, 1.46) m, wall: 1.069 seconds
[ Info: time: 3.194 days, iter: 230, Δt: 20 minutes, max|u|: (1.90e+00, 1.87e+00, 7.74e-03) m/s, T: (-1.88, 32.72) °C, S: (11.89, 40.64) g/kg, η: (-1.90, 1.47) m, wall: 1.075 seconds
[ Info: time: 3.333 days, iter: 240, Δt: 20 minutes, max|u|: (1.79e+00, 1.91e+00, 7.33e-03) m/s, T: (-1.88, 32.66) °C, S: (11.89, 40.73) g/kg, η: (-2.01, 1.91) m, wall: 1.062 seconds
[ Info: time: 3.472 days, iter: 250, Δt: 20 minutes, max|u|: (1.71e+00, 1.47e+00, 6.92e-03) m/s, T: (-1.88, 32.42) °C, S: (11.89, 40.84) g/kg, η: (-2.13, 2.62) m, wall: 1.078 seconds
[ Info: time: 3.611 days, iter: 260, Δt: 20 minutes, max|u|: (1.87e+00, 8.84e-01, 7.05e-03) m/s, T: (-1.88, 32.19) °C, S: (11.89, 40.95) g/kg, η: (-2.26, 2.75) m, wall: 1.072 seconds
[ Info: time: 3.750 days, iter: 270, Δt: 20 minutes, max|u|: (1.77e+00, 1.63e+00, 6.88e-03) m/s, T: (-1.88, 32.04) °C, S: (11.89, 41.05) g/kg, η: (-2.14, 1.59) m, wall: 1.065 seconds
[ Info: time: 3.889 days, iter: 280, Δt: 20 minutes, max|u|: (1.92e+00, 1.68e+00, 6.72e-03) m/s, T: (-1.88, 32.22) °C, S: (11.89, 41.23) g/kg, η: (-2.20, 1.70) m, wall: 1.066 seconds
[ Info: time: 4.028 days, iter: 290, Δt: 20 minutes, max|u|: (1.65e+00, 1.55e+00, 6.63e-03) m/s, T: (-1.88, 32.92) °C, S: (11.89, 41.44) g/kg, η: (-2.12, 2.15) m, wall: 1.078 seconds
[ Info: time: 4.167 days, iter: 300, Δt: 20 minutes, max|u|: (1.92e+00, 1.20e+00, 6.53e-03) m/s, T: (-1.88, 33.58) °C, S: (11.89, 41.64) g/kg, η: (-2.07, 2.01) m, wall: 1.061 seconds
[ Info: time: 4.306 days, iter: 310, Δt: 20 minutes, max|u|: (2.19e+00, 1.67e+00, 6.35e-03) m/s, T: (-1.88, 33.62) °C, S: (11.89, 41.82) g/kg, η: (-2.10, 2.49) m, wall: 1.082 seconds
[ Info: time: 4.444 days, iter: 320, Δt: 20 minutes, max|u|: (2.36e+00, 1.68e+00, 6.35e-03) m/s, T: (-1.88, 33.34) °C, S: (11.89, 41.99) g/kg, η: (-2.03, 2.35) m, wall: 1.102 seconds
[ Info: time: 4.583 days, iter: 330, Δt: 20 minutes, max|u|: (2.08e+00, 1.49e+00, 6.39e-03) m/s, T: (-1.88, 33.04) °C, S: (11.89, 42.14) g/kg, η: (-2.06, 2.50) m, wall: 1.106 seconds
[ Info: time: 4.722 days, iter: 340, Δt: 20 minutes, max|u|: (2.09e+00, 1.20e+00, 6.23e-03) m/s, T: (-1.88, 32.75) °C, S: (11.89, 42.26) g/kg, η: (-2.25, 2.09) m, wall: 1.107 seconds
[ Info: time: 4.861 days, iter: 350, Δt: 20 minutes, max|u|: (2.15e+00, 1.30e+00, 6.17e-03) m/s, T: (-1.88, 32.69) °C, S: (11.89, 42.35) g/kg, η: (-1.76, 1.79) m, wall: 1.102 seconds
[ Info: time: 5 days, iter: 360, Δt: 20 minutes, max|u|: (2.01e+00, 1.44e+00, 6.28e-03) m/s, T: (-1.88, 33.17) °C, S: (11.89, 42.43) g/kg, η: (-1.89, 1.79) m, wall: 1.114 seconds
[ Info: time: 5.139 days, iter: 370, Δt: 20 minutes, max|u|: (1.91e+00, 1.29e+00, 6.41e-03) m/s, T: (-1.88, 33.67) °C, S: (11.89, 42.49) g/kg, η: (-1.88, 1.67) m, wall: 1.102 seconds
[ Info: time: 5.278 days, iter: 380, Δt: 20 minutes, max|u|: (1.97e+00, 1.26e+00, 6.27e-03) m/s, T: (-1.88, 33.65) °C, S: (11.89, 42.54) g/kg, η: (-1.77, 1.65) m, wall: 1.106 seconds
[ Info: time: 5.417 days, iter: 390, Δt: 20 minutes, max|u|: (2.19e+00, 1.54e+00, 6.18e-03) m/s, T: (-1.88, 33.33) °C, S: (11.89, 42.58) g/kg, η: (-1.68, 1.52) m, wall: 1.097 seconds
[ Info: time: 5.556 days, iter: 400, Δt: 20 minutes, max|u|: (2.04e+00, 1.86e+00, 6.29e-03) m/s, T: (-1.88, 33.03) °C, S: (11.89, 41.85) g/kg, η: (-1.80, 1.40) m, wall: 1.124 seconds
[ Info: time: 5.694 days, iter: 410, Δt: 20 minutes, max|u|: (1.54e+00, 1.95e+00, 6.27e-03) m/s, T: (-1.88, 32.72) °C, S: (11.89, 41.94) g/kg, η: (-1.79, 1.16) m, wall: 1.113 seconds
[ Info: time: 5.833 days, iter: 420, Δt: 20 minutes, max|u|: (1.47e+00, 1.90e+00, 6.23e-03) m/s, T: (-1.88, 32.49) °C, S: (11.89, 42.03) g/kg, η: (-1.74, 1.44) m, wall: 1.102 seconds
[ Info: time: 5.972 days, iter: 430, Δt: 20 minutes, max|u|: (1.47e+00, 1.79e+00, 6.24e-03) m/s, T: (-1.88, 32.48) °C, S: (11.89, 42.11) g/kg, η: (-1.67, 1.99) m, wall: 1.106 seconds
[ Info: time: 6.111 days, iter: 440, Δt: 20 minutes, max|u|: (1.56e+00, 1.63e+00, 6.35e-03) m/s, T: (-1.88, 32.70) °C, S: (11.89, 42.18) g/kg, η: (-1.73, 2.07) m, wall: 1.107 seconds
[ Info: time: 6.250 days, iter: 450, Δt: 20 minutes, max|u|: (1.61e+00, 1.47e+00, 6.23e-03) m/s, T: (-1.88, 32.98) °C, S: (11.89, 42.24) g/kg, η: (-1.66, 1.78) m, wall: 1.098 seconds
[ Info: time: 6.389 days, iter: 460, Δt: 20 minutes, max|u|: (1.50e+00, 1.46e+00, 6.13e-03) m/s, T: (-1.88, 33.00) °C, S: (11.89, 42.30) g/kg, η: (-1.74, 1.85) m, wall: 1.104 seconds
[ Info: time: 6.528 days, iter: 470, Δt: 20 minutes, max|u|: (1.37e+00, 1.51e+00, 6.15e-03) m/s, T: (-1.88, 33.32) °C, S: (11.89, 42.34) g/kg, η: (-1.71, 2.10) m, wall: 1.091 seconds
[ Info: time: 6.667 days, iter: 480, Δt: 20 minutes, max|u|: (1.26e+00, 1.54e+00, 6.06e-03) m/s, T: (-1.88, 33.14) °C, S: (11.89, 42.33) g/kg, η: (-1.72, 1.72) m, wall: 1.062 seconds
[ Info: time: 6.806 days, iter: 490, Δt: 20 minutes, max|u|: (1.18e+00, 1.49e+00, 5.94e-03) m/s, T: (-1.88, 32.87) °C, S: (11.89, 42.33) g/kg, η: (-1.70, 1.49) m, wall: 1.066 seconds
[ Info: time: 6.944 days, iter: 500, Δt: 20 minutes, max|u|: (1.07e+00, 1.46e+00, 5.85e-03) m/s, T: (-1.88, 32.59) °C, S: (11.89, 42.33) g/kg, η: (-1.79, 1.14) m, wall: 1.083 seconds
[ Info: time: 7.083 days, iter: 510, Δt: 20 minutes, max|u|: (1.10e+00, 1.43e+00, 5.75e-03) m/s, T: (-1.88, 32.78) °C, S: (11.89, 42.33) g/kg, η: (-1.75, 1.31) m, wall: 1.071 seconds
[ Info: time: 7.222 days, iter: 520, Δt: 20 minutes, max|u|: (1.10e+00, 1.45e+00, 5.55e-03) m/s, T: (-1.88, 32.63) °C, S: (11.89, 42.32) g/kg, η: (-1.70, 1.29) m, wall: 1.066 seconds
[ Info: time: 7.361 days, iter: 530, Δt: 20 minutes, max|u|: (1.21e+00, 1.50e+00, 5.42e-03) m/s, T: (-1.88, 33.16) °C, S: (11.89, 42.32) g/kg, η: (-1.69, 1.54) m, wall: 1.071 seconds
[ Info: time: 7.500 days, iter: 540, Δt: 20 minutes, max|u|: (1.50e+00, 1.54e+00, 5.39e-03) m/s, T: (-1.88, 33.58) °C, S: (11.89, 42.32) g/kg, η: (-1.75, 1.75) m, wall: 1.074 seconds
[ Info: time: 7.639 days, iter: 550, Δt: 20 minutes, max|u|: (1.72e+00, 1.59e+00, 5.27e-03) m/s, T: (-1.88, 33.38) °C, S: (11.89, 42.32) g/kg, η: (-1.72, 1.91) m, wall: 1.074 seconds
[ Info: time: 7.778 days, iter: 560, Δt: 20 minutes, max|u|: (1.80e+00, 1.70e+00, 5.11e-03) m/s, T: (-1.88, 32.94) °C, S: (11.89, 42.32) g/kg, η: (-1.74, 1.72) m, wall: 1.066 seconds
[ Info: time: 7.917 days, iter: 570, Δt: 20 minutes, max|u|: (1.83e+00, 1.77e+00, 5.02e-03) m/s, T: (-1.88, 32.50) °C, S: (11.89, 42.32) g/kg, η: (-1.74, 1.31) m, wall: 1.078 seconds
[ Info: time: 8.056 days, iter: 580, Δt: 20 minutes, max|u|: (2.10e+00, 1.76e+00, 4.96e-03) m/s, T: (-1.88, 32.98) °C, S: (11.89, 42.31) g/kg, η: (-1.69, 1.16) m, wall: 1.082 seconds
[ Info: time: 8.194 days, iter: 590, Δt: 20 minutes, max|u|: (2.50e+00, 1.72e+00, 4.89e-03) m/s, T: (-1.88, 32.93) °C, S: (11.89, 42.31) g/kg, η: (-1.79, 1.25) m, wall: 1.066 seconds
[ Info: time: 8.333 days, iter: 600, Δt: 20 minutes, max|u|: (2.34e+00, 1.71e+00, 4.81e-03) m/s, T: (-1.88, 33.08) °C, S: (11.89, 42.31) g/kg, η: (-1.72, 1.19) m, wall: 1.066 seconds
[ Info: time: 8.472 days, iter: 610, Δt: 20 minutes, max|u|: (1.49e+00, 1.69e+00, 4.86e-03) m/s, T: (-1.88, 32.86) °C, S: (11.89, 42.30) g/kg, η: (-1.79, 1.42) m, wall: 1.075 seconds
[ Info: time: 8.611 days, iter: 620, Δt: 20 minutes, max|u|: (1.49e+00, 1.69e+00, 4.90e-03) m/s, T: (-1.88, 32.82) °C, S: (11.89, 42.29) g/kg, η: (-1.75, 1.44) m, wall: 1.078 seconds
[ Info: time: 8.750 days, iter: 630, Δt: 20 minutes, max|u|: (1.53e+00, 1.72e+00, 4.89e-03) m/s, T: (-1.88, 32.54) °C, S: (11.89, 42.29) g/kg, η: (-1.79, 1.17) m, wall: 1.068 seconds
[ Info: time: 8.889 days, iter: 640, Δt: 20 minutes, max|u|: (1.56e+00, 1.80e+00, 4.90e-03) m/s, T: (-1.88, 32.27) °C, S: (11.89, 42.28) g/kg, η: (-1.81, 1.18) m, wall: 1.068 seconds
[ Info: time: 9.028 days, iter: 650, Δt: 20 minutes, max|u|: (1.56e+00, 1.89e+00, 4.98e-03) m/s, T: (-1.88, 32.63) °C, S: (11.89, 42.27) g/kg, η: (-1.88, 1.29) m, wall: 1.070 seconds
[ Info: time: 9.167 days, iter: 660, Δt: 20 minutes, max|u|: (1.59e+00, 2.00e+00, 5.05e-03) m/s, T: (-1.88, 33.07) °C, S: (11.89, 42.26) g/kg, η: (-1.75, 1.40) m, wall: 1.074 seconds
[ Info: time: 9.306 days, iter: 670, Δt: 20 minutes, max|u|: (1.70e+00, 2.14e+00, 5.07e-03) m/s, T: (-1.88, 33.08) °C, S: (11.89, 42.25) g/kg, η: (-1.73, 1.36) m, wall: 1.069 seconds
[ Info: time: 9.444 days, iter: 680, Δt: 20 minutes, max|u|: (1.79e+00, 2.22e+00, 5.23e-03) m/s, T: (-1.88, 32.75) °C, S: (11.89, 42.23) g/kg, η: (-1.71, 1.32) m, wall: 1.068 seconds
[ Info: time: 9.583 days, iter: 690, Δt: 20 minutes, max|u|: (1.75e+00, 2.24e+00, 5.36e-03) m/s, T: (-1.88, 32.69) °C, S: (11.89, 42.22) g/kg, η: (-1.78, 1.56) m, wall: 1.072 seconds
[ Info: time: 9.722 days, iter: 700, Δt: 20 minutes, max|u|: (1.72e+00, 2.21e+00, 5.39e-03) m/s, T: (-1.88, 32.41) °C, S: (11.89, 42.21) g/kg, η: (-1.75, 1.50) m, wall: 1.075 seconds
[ Info: time: 9.861 days, iter: 710, Δt: 20 minutes, max|u|: (1.69e+00, 2.13e+00, 5.41e-03) m/s, T: (-1.88, 32.15) °C, S: (11.89, 42.19) g/kg, η: (-1.72, 1.18) m, wall: 1.075 seconds
[ Info: time: 10 days, iter: 720, Δt: 20 minutes, max|u|: (1.62e+00, 1.98e+00, 5.51e-03) m/s, T: (-1.88, 32.61) °C, S: (11.89, 42.18) g/kg, η: (-1.73, 1.15) m, wall: 1.074 seconds
[ Info: time: 10.139 days, iter: 730, Δt: 20 minutes, max|u|: (2.14e+00, 1.85e+00, 5.63e-03) m/s, T: (-1.88, 32.73) °C, S: (11.89, 42.16) g/kg, η: (-1.77, 1.13) m, wall: 1.069 seconds
[ Info: time: 10.278 days, iter: 740, Δt: 20 minutes, max|u|: (3.05e+00, 1.81e+00, 5.65e-03) m/s, T: (-1.88, 32.89) °C, S: (11.89, 42.14) g/kg, η: (-1.79, 1.23) m, wall: 1.067 seconds
[ Info: time: 10.417 days, iter: 750, Δt: 20 minutes, max|u|: (3.29e+00, 2.52e+00, 5.74e-03) m/s, T: (-1.88, 32.74) °C, S: (11.89, 42.13) g/kg, η: (-1.81, 1.18) m, wall: 1.067 seconds
[ Info: time: 10.556 days, iter: 760, Δt: 20 minutes, max|u|: (3.88e+00, 3.12e+00, 5.79e-03) m/s, T: (-1.88, 32.74) °C, S: (11.89, 42.11) g/kg, η: (-1.78, 1.25) m, wall: 1.070 seconds
[ Info: time: 10.694 days, iter: 770, Δt: 20 minutes, max|u|: (NaN, NaN, NaN) m/s, T: (NaN, NaN) °C, S: (NaN, NaN) g/kg, η: (NaN, NaN) m, wall: 1.080 seconds
[ Info: time: 10.833 days, iter: 780, Δt: 20 minutes, max|u|: (NaN, NaN, NaN) m/s, T: (NaN, NaN) °C, S: (NaN, NaN) g/kg, η: (NaN, NaN) m, wall: 1.104 seconds
[ Info: time: 10.972 days, iter: 790, Δt: 20 minutes, max|u|: (NaN, NaN, NaN) m/s, T: (NaN, NaN) °C, S: (NaN, NaN) g/kg, η: (NaN, NaN) m, wall: 1.103 seconds
[ Info: time = 960000.0, iteration = 800: NaN found in field T_ocean. Stopping simulation.
[ Info: time: 11.111 days, iter: 800, Δt: 20 minutes, max|u|: (NaN, NaN, NaN) m/s, T: (NaN, NaN) °C, S: (NaN, NaN) g/kg, η: (NaN, NaN) m, wall: 1.109 seconds
┌ Info: Simulation complete
└   output_name = "baseline"
┌ Warning: `end_date` (1990-12-31T21:00:00) is after the last date in the dataset 1990-12-31T00:00:00
└ @ NumericalEarth.DataWrangling /orcd/scratch/orcd/003/ssilvest/NumericalEarth.jl/src/DataWrangling/metadata.jl:318
┌ Warning: `end_date` (1990-12-31T21:00:00) is after the last date in the dataset 1990-12-31T00:00:00
└ @ NumericalEarth.DataWrangling /orcd/scratch/orcd/003/ssilvest/NumericalEarth.jl/src/DataWrangling/metadata.jl:318
┌ Info: Built ocean simulation
│   grid = "360×180×75 ImmersedBoundaryGrid{Float64, Periodic, RightCenterFolded, Bounded} on CUDAGPU with 7×7×7 halo"
│   ocean_kwargs =
│    (closure = (CATKEVerticalDiffusivity{VerticallyImplicitTimeDiscretization}
│    ├── maximum_tracer_diffusivity: Inf
│    ├── maximum_tke_diffusivity: Inf
│    ├── maximum_viscosity: Inf
│    ├── minimum_tke: 1.0e-9
│    ├── negative_tke_time_scale: 60.0
│    ├── minimum_convective_buoyancy_flux: 1.0e-11
│    ├── tke_time_step: Nothing
│    ├── mixing_length: TKEBasedVerticalDiffusivities.CATKEMixingLength
│    │   ├── Cˢ:   1.131
│    │   ├── Cᵇ:   0.01
│    │   ├── Cʰⁱu: 0.242
│    │   ├── Cʰⁱc: 0.098
│    │   ├── Cʰⁱe: 0.548
│    │   ├── Cˡᵒu: 0.361
│    │   ├── Cˡᵒc: 0.369
│    │   ├── Cˡᵒe: 7.863
│    │   ├── Cᵘⁿu: 0.37
│    │   ├── Cᵘⁿc: 0.572
│    │   ├── Cᵘⁿe: 1.447
│    │   ├── Cᶜu:  3.705
│    │   ├── Cᶜc:  4.793
│    │   ├── Cᶜe:  3.642
│    │   ├── Cᵉc:  0.112
│    │   ├── Cᵉe:  0.0
│    │   ├── Cˢᵖ:  0.505
│    │   ├── CRiᵟ: 1.02
│    │   └── CRi⁰: 0.254
│    └── turbulent_kinetic_energy_equation: TKEBasedVerticalDiffusivities.CATKEEquation
│        ├── CʰⁱD: 0.579
│        ├── CˡᵒD: 1.604
│        ├── CᵘⁿD: 0.923
│        ├── CᶜD:  3.254
│        ├── CᵉD:  0.0
│        ├── Cᵂu★: 3.179
│        ├── CᵂwΔ: 0.383
│        └── Cᵂϵ:  1.0, VerticalScalarDiffusivity{ExplicitTimeDiscretization}(ν=0.0001, κ=1.0e-5), ScalarBiharmonicDiffusivity{HorizontalFormulation}(ν=Oceananigans.TurbulenceClosures.DiscreteDiffusionFunction{Nothing, Nothing, Nothing, Float64, var"#νhb#default_ocean_configuration##1"}, κ=0.0)), free_surface = SplitExplicitFreeSurface substepping with FixedSubstepNumber(108)
│    , momentum_advection = WENOVectorInvariant{3, Float64, Float32}(vorticity_order=5, vertical_order=5)
│    ├── vorticity_scheme: WENO{3, Float64, Float32}(order=5)
│    ├── vorticity_stencil: Oceananigans.Advection.VelocityStencil
│    ├── vertical_advection_scheme: WENO{3, Float64, Float32}(order=5)
│    ├── kinetic_energy_gradient_scheme: WENO{3, Float64, Float32}(order=5)
│    ├── divergence_scheme: WENO{3, Float64, Float32}(order=5)
│    └── upwinding: OnlySelfUpwinding, tracer_advection = WENO{3, Float64, Float32}(order=5)
│    ├── buffer_scheme: WENO{2, Float64, Float32}(order=3)
│    │   └── buffer_scheme: Centered(order=2)
│    └── advecting_velocity_scheme: Centered(order=4), timestepper = :SplitRungeKutta3, forcing = (S = DatasetRestoring:
│    ├── variable_name: salinity
│    ├── rate: 3.8580246913580245e-7
│    ├── field_time_series: 360×180×75×29 FieldTimeSeries{NumericalEarth.DataWrangling.DatasetBackend} located at (Center, Center, Center) on GPU{CUDABackend}
│    │    ├── dataset: EN4Monthly
│    │    ├── dates: [DateTime("1961-01-01T00:00:00"), DateTime("1961-02-01T00:00:00"), DateTime("1961-03-01T00:00:00"), DateTime("1961-04-01T00:00:00"), DateTime("1961-05-01T00:00:00"), DateTime("1961-06-01T00:00:00"), DateTime("1961-07-01T00:00:00"), DateTime("1961-08-01T00:00:00"), DateTime("1961-09-01T00:00:00"), DateTime("1961-10-01T00:00:00")  …  DateTime("1962-08-01T00:00:00"), DateTime("1962-09-01T00:00:00"), DateTime("1962-10-01T00:00:00"), DateTime("1962-11-01T00:00:00"), DateTime("1962-12-01T00:00:00"), DateTime("1963-01-01T00:00:00"), DateTime("1963-02-01T00:00:00"), DateTime("1963-03-01T00:00:00"), DateTime("1963-04-01T00:00:00"), DateTime("1963-05-01T00:00:00")]
│    │    ├── time_indexing: Cyclical(period=7.6032e7)
│    │    └── dir: /home/ssilvest/.julia/scratchspaces/904d977b-046a-4731-8b86-9235c0d1ef02/EN4
│    ├── mask: (::var"#mask#default_ocean_configuration##0"{Float64}) (generic function with 1 method)
└    └── native_grid: Nothing,), radiative_forcing = nothing)
[ Info: Set default EN4 initial conditions for 1965-01-01
[ Info: Built sea ice simulation with ECCO4 initial conditions
[ Info: Built atmosphere and radiation
┌ Info: Starting simulation
│   output_name = "static"
└   stop_time = 6.31584e7
[ Info: Initializing simulation...
[ Info: time: 0 seconds, iter: 0, Δt: 20 minutes, max|u|: (0.00e+00, 0.00e+00, 0.00e+00) m/s, T: (-1.88, 29.99) °C, S: (11.88, 40.64) g/kg, η: (0.00, 0.00) m, wall: 36.056 seconds
[ Info:     ... simulation initialization complete (23.053 seconds)
[ Info: Executing initial time step...
[ Info:     ... initial time step complete (4.421 minutes).
[ Info: time: 3.333 hours, iter: 10, Δt: 20 minutes, max|u|: (1.02e+00, 9.92e-01, 6.59e-03) m/s, T: (-1.88, 30.55) °C, S: (11.89, 40.64) g/kg, η: (-1.33, 1.22) m, wall: 4.435 minutes
[ Info: time: 6.667 hours, iter: 20, Δt: 20 minutes, max|u|: (1.22e+00, 1.38e+00, 1.14e-02) m/s, T: (-1.88, 30.71) °C, S: (11.89, 40.64) g/kg, η: (-2.60, 2.02) m, wall: 889.203 ms
[ Info: time: 10 hours, iter: 30, Δt: 20 minutes, max|u|: (1.23e+00, 1.62e+00, 1.47e-02) m/s, T: (-1.88, 30.65) °C, S: (11.89, 40.64) g/kg, η: (-2.61, 1.97) m, wall: 895.237 ms
[ Info: time: 13.333 hours, iter: 40, Δt: 20 minutes, max|u|: (1.36e+00, 1.79e+00, 1.59e-02) m/s, T: (-1.88, 30.53) °C, S: (11.89, 40.64) g/kg, η: (-2.19, 1.84) m, wall: 893.458 ms
[ Info: time: 16.667 hours, iter: 50, Δt: 20 minutes, max|u|: (1.34e+00, 1.54e+00, 1.54e-02) m/s, T: (-1.88, 30.43) °C, S: (11.89, 40.64) g/kg, η: (-2.84, 1.86) m, wall: 890.709 ms
[ Info: time: 20 hours, iter: 60, Δt: 20 minutes, max|u|: (1.43e+00, 1.63e+00, 1.37e-02) m/s, T: (-1.88, 30.37) °C, S: (11.89, 40.64) g/kg, η: (-2.06, 2.11) m, wall: 894.256 ms
[ Info: time: 23.333 hours, iter: 70, Δt: 20 minutes, max|u|: (1.72e+00, 1.85e+00, 1.26e-02) m/s, T: (-1.88, 30.69) °C, S: (11.89, 40.64) g/kg, η: (-2.86, 2.36) m, wall: 886.979 ms
[ Info: time: 1.111 days, iter: 80, Δt: 20 minutes, max|u|: (2.35e+00, 2.05e+00, 1.25e-02) m/s, T: (-1.88, 31.33) °C, S: (11.89, 40.64) g/kg, η: (-3.09, 3.45) m, wall: 887.326 ms
[ Info: time: 1.250 days, iter: 90, Δt: 20 minutes, max|u|: (2.43e+00, 1.60e+00, 1.20e-02) m/s, T: (-1.88, 31.62) °C, S: (11.89, 40.64) g/kg, η: (-3.53, 2.66) m, wall: 887.663 ms
[ Info: time: 1.389 days, iter: 100, Δt: 20 minutes, max|u|: (1.68e+00, 1.61e+00, 1.14e-02) m/s, T: (-1.88, 31.57) °C, S: (11.89, 40.64) g/kg, η: (-2.99, 3.01) m, wall: 889.656 ms
[ Info: time: 1.528 days, iter: 110, Δt: 20 minutes, max|u|: (2.51e+00, 1.71e+00, 1.05e-02) m/s, T: (-1.88, 31.41) °C, S: (11.89, 40.64) g/kg, η: (-2.23, 2.20) m, wall: 884.614 ms
[ Info: time: 1.667 days, iter: 120, Δt: 20 minutes, max|u|: (2.64e+00, 1.11e+00, 9.61e-03) m/s, T: (-1.88, 31.22) °C, S: (11.89, 40.64) g/kg, η: (-2.72, 2.87) m, wall: 885.622 ms
[ Info: time: 1.806 days, iter: 130, Δt: 20 minutes, max|u|: (2.74e+00, 1.17e+00, 8.61e-03) m/s, T: (-1.88, 31.00) °C, S: (11.89, 40.64) g/kg, η: (-2.83, 2.82) m, wall: 884.163 ms
[ Info: time: 1.944 days, iter: 140, Δt: 20 minutes, max|u|: (2.50e+00, 1.63e+00, 8.17e-03) m/s, T: (-1.88, 31.41) °C, S: (11.89, 40.64) g/kg, η: (-2.41, 2.27) m, wall: 886.692 ms
[ Info: time: 2.083 days, iter: 150, Δt: 20 minutes, max|u|: (2.27e+00, 1.71e+00, 8.50e-03) m/s, T: (-1.88, 32.07) °C, S: (11.89, 40.64) g/kg, η: (-2.23, 1.94) m, wall: 886.190 ms
[ Info: time: 2.222 days, iter: 160, Δt: 20 minutes, max|u|: (2.77e+00, 1.15e+00, 8.76e-03) m/s, T: (-1.88, 32.35) °C, S: (11.89, 40.64) g/kg, η: (-2.18, 1.63) m, wall: 888.397 ms
[ Info: time: 2.361 days, iter: 170, Δt: 20 minutes, max|u|: (2.35e+00, 1.29e+00, 8.93e-03) m/s, T: (-1.88, 32.04) °C, S: (11.89, 40.64) g/kg, η: (-2.04, 1.76) m, wall: 889.924 ms
[ Info: time: 2.500 days, iter: 180, Δt: 20 minutes, max|u|: (2.16e+00, 1.17e+00, 8.97e-03) m/s, T: (-1.88, 31.85) °C, S: (11.89, 40.64) g/kg, η: (-2.08, 1.67) m, wall: 879.462 ms
[ Info: time: 2.639 days, iter: 190, Δt: 20 minutes, max|u|: (1.82e+00, 1.66e+00, 8.89e-03) m/s, T: (-1.88, 31.77) °C, S: (11.89, 40.64) g/kg, η: (-2.51, 1.72) m, wall: 877.451 ms
[ Info: time: 2.778 days, iter: 200, Δt: 20 minutes, max|u|: (1.91e+00, 1.24e+00, 8.72e-03) m/s, T: (-1.88, 31.72) °C, S: (11.89, 40.64) g/kg, η: (-2.48, 1.68) m, wall: 892.235 ms
[ Info: time: 2.917 days, iter: 210, Δt: 20 minutes, max|u|: (2.11e+00, 1.57e+00, 8.51e-03) m/s, T: (-1.88, 31.78) °C, S: (11.89, 40.64) g/kg, η: (-3.20, 1.92) m, wall: 878.963 ms
[ Info: time: 3.056 days, iter: 220, Δt: 20 minutes, max|u|: (1.80e+00, 2.22e+00, 8.23e-03) m/s, T: (-1.88, 32.32) °C, S: (11.89, 40.64) g/kg, η: (-2.55, 1.50) m, wall: 889.239 ms
[ Info: time: 3.194 days, iter: 230, Δt: 20 minutes, max|u|: (1.93e+00, 1.85e+00, 7.88e-03) m/s, T: (-1.88, 32.64) °C, S: (11.89, 40.72) g/kg, η: (-1.93, 1.49) m, wall: 885.902 ms
[ Info: time: 3.333 days, iter: 240, Δt: 20 minutes, max|u|: (1.84e+00, 1.92e+00, 7.45e-03) m/s, T: (-1.88, 32.62) °C, S: (11.89, 40.84) g/kg, η: (-1.91, 1.85) m, wall: 880.069 ms
[ Info: time: 3.472 days, iter: 250, Δt: 20 minutes, max|u|: (1.68e+00, 1.44e+00, 7.15e-03) m/s, T: (-1.88, 32.46) °C, S: (11.89, 40.95) g/kg, η: (-2.05, 2.37) m, wall: 884.358 ms
[ Info: time: 3.611 days, iter: 260, Δt: 20 minutes, max|u|: (1.83e+00, 8.99e-01, 7.30e-03) m/s, T: (-1.88, 32.22) °C, S: (11.89, 41.05) g/kg, η: (-2.24, 2.72) m, wall: 889.304 ms
[ Info: time: 3.750 days, iter: 270, Δt: 20 minutes, max|u|: (1.77e+00, 1.46e+00, 7.15e-03) m/s, T: (-1.88, 32.02) °C, S: (11.89, 41.22) g/kg, η: (-2.24, 1.90) m, wall: 882.720 ms
[ Info: time: 3.889 days, iter: 280, Δt: 20 minutes, max|u|: (1.93e+00, 1.74e+00, 7.02e-03) m/s, T: (-1.88, 32.25) °C, S: (11.89, 41.44) g/kg, η: (-2.18, 1.71) m, wall: 884.640 ms
[ Info: time: 4.028 days, iter: 290, Δt: 20 minutes, max|u|: (1.72e+00, 1.50e+00, 6.92e-03) m/s, T: (-1.88, 32.96) °C, S: (11.89, 41.65) g/kg, η: (-2.09, 2.14) m, wall: 889.027 ms
[ Info: time: 4.167 days, iter: 300, Δt: 20 minutes, max|u|: (1.86e+00, 1.26e+00, 6.83e-03) m/s, T: (-1.88, 33.59) °C, S: (11.89, 41.85) g/kg, η: (-2.16, 1.88) m, wall: 881.816 ms
[ Info: time: 4.306 days, iter: 310, Δt: 20 minutes, max|u|: (2.17e+00, 1.67e+00, 6.65e-03) m/s, T: (-1.88, 33.55) °C, S: (11.89, 42.02) g/kg, η: (-2.06, 2.49) m, wall: 895.244 ms
[ Info: time: 4.444 days, iter: 320, Δt: 20 minutes, max|u|: (2.43e+00, 1.67e+00, 6.63e-03) m/s, T: (-1.88, 33.21) °C, S: (11.89, 42.17) g/kg, η: (-2.01, 2.24) m, wall: 899.891 ms
[ Info: time: 4.583 days, iter: 330, Δt: 20 minutes, max|u|: (2.15e+00, 1.53e+00, 6.67e-03) m/s, T: (-1.88, 32.97) °C, S: (11.89, 42.29) g/kg, η: (-2.11, 2.51) m, wall: 886.082 ms
[ Info: time: 4.722 days, iter: 340, Δt: 20 minutes, max|u|: (2.12e+00, 1.23e+00, 6.53e-03) m/s, T: (-1.88, 32.73) °C, S: (11.89, 42.38) g/kg, η: (-2.21, 2.23) m, wall: 885.106 ms
[ Info: time: 4.861 days, iter: 350, Δt: 20 minutes, max|u|: (2.12e+00, 1.37e+00, 6.45e-03) m/s, T: (-1.88, 32.61) °C, S: (11.89, 42.45) g/kg, η: (-1.76, 1.74) m, wall: 884.284 ms
[ Info: time: 5 days, iter: 360, Δt: 20 minutes, max|u|: (2.03e+00, 1.49e+00, 6.54e-03) m/s, T: (-1.88, 33.06) °C, S: (11.89, 42.50) g/kg, η: (-1.93, 1.84) m, wall: 883.330 ms
[ Info: time: 5.139 days, iter: 370, Δt: 20 minutes, max|u|: (1.94e+00, 1.32e+00, 6.67e-03) m/s, T: (-1.88, 33.63) °C, S: (11.89, 42.55) g/kg, η: (-2.10, 1.62) m, wall: 885.774 ms
[ Info: time: 5.278 days, iter: 380, Δt: 20 minutes, max|u|: (2.00e+00, 1.26e+00, 6.56e-03) m/s, T: (-1.88, 33.63) °C, S: (11.89, 42.57) g/kg, η: (-1.79, 1.70) m, wall: 888.922 ms
[ Info: time: 5.417 days, iter: 390, Δt: 20 minutes, max|u|: (2.09e+00, 1.56e+00, 6.47e-03) m/s, T: (-1.88, 33.28) °C, S: (11.89, 42.60) g/kg, η: (-1.70, 1.53) m, wall: 888.108 ms
[ Info: time: 5.556 days, iter: 400, Δt: 20 minutes, max|u|: (1.94e+00, 1.87e+00, 6.57e-03) m/s, T: (-1.88, 33.03) °C, S: (11.89, 41.83) g/kg, η: (-1.78, 1.51) m, wall: 890.771 ms
[ Info: time: 5.694 days, iter: 410, Δt: 20 minutes, max|u|: (1.54e+00, 1.97e+00, 6.55e-03) m/s, T: (-1.88, 32.69) °C, S: (11.89, 41.35) g/kg, η: (-1.90, 1.11) m, wall: 885.898 ms
[ Info: time: 5.833 days, iter: 420, Δt: 20 minutes, max|u|: (1.50e+00, 1.91e+00, 6.51e-03) m/s, T: (-1.88, 32.47) °C, S: (11.89, 41.33) g/kg, η: (-1.75, 1.26) m, wall: 884.119 ms
[ Info: time: 5.972 days, iter: 430, Δt: 20 minutes, max|u|: (1.50e+00, 1.80e+00, 6.51e-03) m/s, T: (-1.88, 32.50) °C, S: (11.89, 41.33) g/kg, η: (-1.67, 1.85) m, wall: 887.996 ms
[ Info: time: 6.111 days, iter: 440, Δt: 20 minutes, max|u|: (1.59e+00, 1.66e+00, 6.60e-03) m/s, T: (-1.88, 32.77) °C, S: (11.89, 41.31) g/kg, η: (-1.69, 2.11) m, wall: 886.891 ms
[ Info: time: 6.250 days, iter: 450, Δt: 20 minutes, max|u|: (1.63e+00, 1.51e+00, 6.49e-03) m/s, T: (-1.88, 32.94) °C, S: (11.89, 41.31) g/kg, η: (-1.72, 1.92) m, wall: 880.613 ms
[ Info: time: 6.389 days, iter: 460, Δt: 20 minutes, max|u|: (1.53e+00, 1.44e+00, 6.39e-03) m/s, T: (-1.88, 33.00) °C, S: (11.89, 41.36) g/kg, η: (-1.74, 1.59) m, wall: 889.863 ms
[ Info: time: 6.528 days, iter: 470, Δt: 20 minutes, max|u|: (1.37e+00, 1.51e+00, 6.41e-03) m/s, T: (-1.88, 33.31) °C, S: (11.89, 41.41) g/kg, η: (-1.73, 1.98) m, wall: 878.488 ms
[ Info: time: 6.667 days, iter: 480, Δt: 20 minutes, max|u|: (1.25e+00, 1.56e+00, 6.33e-03) m/s, T: (-1.88, 33.10) °C, S: (11.89, 41.39) g/kg, η: (-1.71, 1.85) m, wall: 890.150 ms
[ Info: time: 6.806 days, iter: 490, Δt: 20 minutes, max|u|: (1.16e+00, 1.51e+00, 6.23e-03) m/s, T: (-1.88, 32.87) °C, S: (11.89, 41.40) g/kg, η: (-1.70, 1.50) m, wall: 891.460 ms
[ Info: time: 6.944 days, iter: 500, Δt: 20 minutes, max|u|: (1.09e+00, 1.48e+00, 6.14e-03) m/s, T: (-1.88, 32.67) °C, S: (11.89, 41.40) g/kg, η: (-1.79, 1.13) m, wall: 886.690 ms
[ Info: time: 7.083 days, iter: 510, Δt: 20 minutes, max|u|: (1.12e+00, 1.45e+00, 6.03e-03) m/s, T: (-1.88, 32.78) °C, S: (11.89, 41.41) g/kg, η: (-1.79, 1.37) m, wall: 883.575 ms
[ Info: time: 7.222 days, iter: 520, Δt: 20 minutes, max|u|: (1.13e+00, 1.47e+00, 5.83e-03) m/s, T: (-1.88, 32.64) °C, S: (11.89, 41.42) g/kg, η: (-1.79, 1.29) m, wall: 895.552 ms
[ Info: time: 7.361 days, iter: 530, Δt: 20 minutes, max|u|: (1.24e+00, 1.52e+00, 5.67e-03) m/s, T: (-1.88, 33.16) °C, S: (11.89, 41.42) g/kg, η: (-1.69, 1.48) m, wall: 883.667 ms
[ Info: time: 7.500 days, iter: 540, Δt: 20 minutes, max|u|: (1.52e+00, 1.56e+00, 5.63e-03) m/s, T: (-1.88, 33.66) °C, S: (11.89, 41.43) g/kg, η: (-1.76, 1.61) m, wall: 882.764 ms
[ Info: time: 7.639 days, iter: 550, Δt: 20 minutes, max|u|: (1.74e+00, 1.57e+00, 5.52e-03) m/s, T: (-1.88, 33.40) °C, S: (11.89, 41.44) g/kg, η: (-1.72, 1.86) m, wall: 894.754 ms
[ Info: time: 7.778 days, iter: 560, Δt: 20 minutes, max|u|: (1.81e+00, 1.66e+00, 5.34e-03) m/s, T: (-1.88, 32.87) °C, S: (11.89, 41.45) g/kg, η: (-1.91, 1.79) m, wall: 889.658 ms
[ Info: time: 7.917 days, iter: 570, Δt: 20 minutes, max|u|: (1.85e+00, 1.73e+00, 5.24e-03) m/s, T: (-1.88, 32.48) °C, S: (11.89, 41.45) g/kg, η: (-1.74, 1.49) m, wall: 878.502 ms
[ Info: time: 8.056 days, iter: 580, Δt: 20 minutes, max|u|: (2.09e+00, 1.76e+00, 5.18e-03) m/s, T: (-1.88, 32.97) °C, S: (11.89, 41.46) g/kg, η: (-1.70, 1.20) m, wall: 892.421 ms
[ Info: time: 8.194 days, iter: 590, Δt: 20 minutes, max|u|: (2.50e+00, 1.73e+00, 5.10e-03) m/s, T: (-1.88, 33.08) °C, S: (11.89, 41.47) g/kg, η: (-1.72, 1.29) m, wall: 888.795 ms
[ Info: time: 8.333 days, iter: 600, Δt: 20 minutes, max|u|: (2.35e+00, 1.72e+00, 5.00e-03) m/s, T: (-1.88, 32.80) °C, S: (11.89, 41.47) g/kg, η: (-1.94, 1.25) m, wall: 887.295 ms
[ Info: time: 8.472 days, iter: 610, Δt: 20 minutes, max|u|: (1.50e+00, 1.71e+00, 5.05e-03) m/s, T: (-1.88, 32.83) °C, S: (11.89, 41.48) g/kg, η: (-1.82, 1.30) m, wall: 886.457 ms
[ Info: time: 8.611 days, iter: 620, Δt: 20 minutes, max|u|: (1.51e+00, 1.73e+00, 5.09e-03) m/s, T: (-1.88, 32.77) °C, S: (11.89, 41.48) g/kg, η: (-1.76, 1.43) m, wall: 882.161 ms
[ Info: time: 8.750 days, iter: 630, Δt: 20 minutes, max|u|: (1.57e+00, 1.76e+00, 5.08e-03) m/s, T: (-1.88, 32.51) °C, S: (11.89, 41.48) g/kg, η: (-1.80, 1.26) m, wall: 894.690 ms
[ Info: time: 8.889 days, iter: 640, Δt: 20 minutes, max|u|: (1.61e+00, 1.83e+00, 5.09e-03) m/s, T: (-1.88, 32.27) °C, S: (11.89, 41.48) g/kg, η: (-1.82, 1.20) m, wall: 885.202 ms
[ Info: time: 9.028 days, iter: 650, Δt: 20 minutes, max|u|: (1.61e+00, 1.91e+00, 5.17e-03) m/s, T: (-1.88, 32.63) °C, S: (11.89, 41.48) g/kg, η: (-1.92, 1.21) m, wall: 886.280 ms
[ Info: time: 9.167 days, iter: 660, Δt: 20 minutes, max|u|: (1.58e+00, 2.01e+00, 5.25e-03) m/s, T: (-1.88, 33.03) °C, S: (11.89, 41.47) g/kg, η: (-1.77, 1.36) m, wall: 882.533 ms
[ Info: time: 9.306 days, iter: 670, Δt: 20 minutes, max|u|: (1.67e+00, 2.12e+00, 5.27e-03) m/s, T: (-1.88, 33.03) °C, S: (11.89, 41.47) g/kg, η: (-1.74, 1.38) m, wall: 889.859 ms
[ Info: time: 9.444 days, iter: 680, Δt: 20 minutes, max|u|: (1.79e+00, 2.19e+00, 5.40e-03) m/s, T: (-1.88, 32.78) °C, S: (11.89, 41.46) g/kg, η: (-1.75, 1.33) m, wall: 881.996 ms
[ Info: time: 9.583 days, iter: 690, Δt: 20 minutes, max|u|: (1.73e+00, 2.22e+00, 5.54e-03) m/s, T: (-1.88, 32.68) °C, S: (11.89, 41.45) g/kg, η: (-1.81, 1.47) m, wall: 887.007 ms
[ Info: time: 9.722 days, iter: 700, Δt: 20 minutes, max|u|: (1.70e+00, 2.19e+00, 5.58e-03) m/s, T: (-1.88, 32.38) °C, S: (11.89, 41.45) g/kg, η: (-1.75, 1.55) m, wall: 889.967 ms
[ Info: time: 9.861 days, iter: 710, Δt: 20 minutes, max|u|: (1.68e+00, 2.13e+00, 5.61e-03) m/s, T: (-1.88, 32.15) °C, S: (11.89, 41.44) g/kg, η: (-1.73, 1.33) m, wall: 886.384 ms
[ Info: time: 10 days, iter: 720, Δt: 20 minutes, max|u|: (1.62e+00, 2.01e+00, 5.69e-03) m/s, T: (-1.88, 32.60) °C, S: (11.89, 41.43) g/kg, η: (-1.74, 1.15) m, wall: 886.593 ms
[ Info: time: 10.139 days, iter: 730, Δt: 20 minutes, max|u|: (2.13e+00, 1.90e+00, 5.81e-03) m/s, T: (-1.88, 32.73) °C, S: (11.89, 41.42) g/kg, η: (-1.78, 1.14) m, wall: 885.383 ms
[ Info: time: 10.278 days, iter: 740, Δt: 20 minutes, max|u|: (3.04e+00, 1.84e+00, 5.83e-03) m/s, T: (-1.88, 32.76) °C, S: (11.89, 41.41) g/kg, η: (-1.80, 1.18) m, wall: 891.403 ms
[ Info: time: 10.417 days, iter: 750, Δt: 20 minutes, max|u|: (3.31e+00, 2.53e+00, 5.91e-03) m/s, T: (-1.88, 32.72) °C, S: (11.89, 41.40) g/kg, η: (-1.82, 1.19) m, wall: 891.358 ms
[ Info: time: 10.556 days, iter: 760, Δt: 20 minutes, max|u|: (NaN, NaN, NaN) m/s, T: (NaN, NaN) °C, S: (NaN, NaN) g/kg, η: (NaN, NaN) m, wall: 883.675 ms
[ Info: time: 10.694 days, iter: 770, Δt: 20 minutes, max|u|: (NaN, NaN, NaN) m/s, T: (NaN, NaN) °C, S: (NaN, NaN) g/kg, η: (NaN, NaN) m, wall: 879.376 ms
[ Info: time: 10.833 days, iter: 780, Δt: 20 minutes, max|u|: (NaN, NaN, NaN) m/s, T: (NaN, NaN) °C, S: (NaN, NaN) g/kg, η: (NaN, NaN) m, wall: 880.035 ms
[ Info: time: 10.972 days, iter: 790, Δt: 20 minutes, max|u|: (NaN, NaN, NaN) m/s, T: (NaN, NaN) °C, S: (NaN, NaN) g/kg, η: (NaN, NaN) m, wall: 877.174 ms
[ Info: time = 960000.0, iteration = 800: NaN found in field T_ocean. Stopping simulation.
[ Info: time: 11.111 days, iter: 800, Δt: 20 minutes, max|u|: (NaN, NaN, NaN) m/s, T: (NaN, NaN) °C, S: (NaN, NaN) g/kg, η: (NaN, NaN) m, wall: 880.052 ms
┌ Info: Simulation complete
└   output_name = "static"
┌ Warning: `end_date` (1990-12-31T21:00:00) is after the last date in the dataset 1990-12-31T00:00:00
└ @ NumericalEarth.DataWrangling /orcd/scratch/orcd/003/ssilvest/NumericalEarth.jl/src/DataWrangling/metadata.jl:318
┌ Warning: `end_date` (1990-12-31T21:00:00) is after the last date in the dataset 1990-12-31T00:00:00
└ @ NumericalEarth.DataWrangling /orcd/scratch/orcd/003/ssilvest/NumericalEarth.jl/src/DataWrangling/metadata.jl:318
┌ Info: Built ocean simulation
│   grid = "360×180×75 ImmersedBoundaryGrid{Float64, Periodic, RightCenterFolded, Bounded} on CUDAGPU with 7×7×7 halo"
│   ocean_kwargs =
│    (closure = (IsopycnalSkewSymmetricDiffusivity:
│    ├── κ_skew: 1000.0
│    ├── κ_symmetric: 1000.0
│    ├── isopycnal_tensor: Oceananigans.TurbulenceClosures.SmallSlopeIsopycnalTensor{Float64}
│    └── slope_limiter: Oceananigans.TurbulenceClosures.FluxTapering{Float64}, CATKEVerticalDiffusivity{VerticallyImplicitTimeDiscretization}
│    ├── maximum_tracer_diffusivity: Inf
│    ├── maximum_tke_diffusivity: Inf
│    ├── maximum_viscosity: Inf
│    ├── minimum_tke: 1.0e-9
│    ├── negative_tke_time_scale: 60.0
│    ├── minimum_convective_buoyancy_flux: 1.0e-11
│    ├── tke_time_step: Nothing
│    ├── mixing_length: TKEBasedVerticalDiffusivities.CATKEMixingLength
│    │   ├── Cˢ:   1.131
│    │   ├── Cᵇ:   0.01
│    │   ├── Cʰⁱu: 0.242
│    │   ├── Cʰⁱc: 0.098
│    │   ├── Cʰⁱe: 0.548
│    │   ├── Cˡᵒu: 0.361
│    │   ├── Cˡᵒc: 0.369
│    │   ├── Cˡᵒe: 7.863
│    │   ├── Cᵘⁿu: 0.37
│    │   ├── Cᵘⁿc: 0.572
│    │   ├── Cᵘⁿe: 1.447
│    │   ├── Cᶜu:  3.705
│    │   ├── Cᶜc:  4.793
│    │   ├── Cᶜe:  3.642
│    │   ├── Cᵉc:  0.112
│    │   ├── Cᵉe:  0.0
│    │   ├── Cˢᵖ:  0.505
│    │   ├── CRiᵟ: 1.02
│    │   └── CRi⁰: 0.254
│    └── turbulent_kinetic_energy_equation: TKEBasedVerticalDiffusivities.CATKEEquation
│        ├── CʰⁱD: 0.579
│        ├── CˡᵒD: 1.604
│        ├── CᵘⁿD: 0.923
│        ├── CᶜD:  3.254
│        ├── CᵉD:  0.0
│        ├── Cᵂu★: 3.179
│        ├── CᵂwΔ: 0.383
│        └── Cᵂϵ:  1.0, VerticalScalarDiffusivity{ExplicitTimeDiscretization}(ν=0.0001, κ=1.0e-5), ScalarBiharmonicDiffusivity{HorizontalFormulation}(ν=Oceananigans.TurbulenceClosures.DiscreteDiffusionFunction{Nothing, Nothing, Nothing, Float64, var"#νhb#default_ocean_configuration##1"}, κ=0.0)), free_surface = SplitExplicitFreeSurface substepping with FixedSubstepNumber(108)
│    , momentum_advection = WENOVectorInvariant{3, Float64, Float32}(vorticity_order=5, vertical_order=5)
│    ├── vorticity_scheme: WENO{3, Float64, Float32}(order=5)
│    ├── vorticity_stencil: Oceananigans.Advection.VelocityStencil
│    ├── vertical_advection_scheme: WENO{3, Float64, Float32}(order=5)
│    ├── kinetic_energy_gradient_scheme: WENO{3, Float64, Float32}(order=5)
│    ├── divergence_scheme: WENO{3, Float64, Float32}(order=5)
│    └── upwinding: OnlySelfUpwinding, tracer_advection = WENO{3, Float64, Float32}(order=5)
│    ├── buffer_scheme: WENO{2, Float64, Float32}(order=3)
│    │   └── buffer_scheme: Centered(order=2)
│    └── advecting_velocity_scheme: Centered(order=4), timestepper = :SplitRungeKutta3, forcing = (S = DatasetRestoring:
│    ├── variable_name: salinity
│    ├── rate: 3.8580246913580245e-7
│    ├── field_time_series: 360×180×75×29 FieldTimeSeries{NumericalEarth.DataWrangling.DatasetBackend} located at (Center, Center, Center) on GPU{CUDABackend}
│    │    ├── dataset: EN4Monthly
│    │    ├── dates: [DateTime("1961-01-01T00:00:00"), DateTime("1961-02-01T00:00:00"), DateTime("1961-03-01T00:00:00"), DateTime("1961-04-01T00:00:00"), DateTime("1961-05-01T00:00:00"), DateTime("1961-06-01T00:00:00"), DateTime("1961-07-01T00:00:00"), DateTime("1961-08-01T00:00:00"), DateTime("1961-09-01T00:00:00"), DateTime("1961-10-01T00:00:00")  …  DateTime("1962-08-01T00:00:00"), DateTime("1962-09-01T00:00:00"), DateTime("1962-10-01T00:00:00"), DateTime("1962-11-01T00:00:00"), DateTime("1962-12-01T00:00:00"), DateTime("1963-01-01T00:00:00"), DateTime("1963-02-01T00:00:00"), DateTime("1963-03-01T00:00:00"), DateTime("1963-04-01T00:00:00"), DateTime("1963-05-01T00:00:00")]
│    │    ├── time_indexing: Cyclical(period=7.6032e7)
│    │    └── dir: /home/ssilvest/.julia/scratchspaces/904d977b-046a-4731-8b86-9235c0d1ef02/EN4
│    ├── mask: (::var"#mask#default_ocean_configuration##0"{Float64}) (generic function with 1 method)
└    └── native_grid: Nothing,), radiative_forcing = nothing)
[ Info: Set default EN4 initial conditions for 1965-01-01
[ Info: Built sea ice simulation with ECCO4 initial conditions
[ Info: Built atmosphere and radiation
┌ Info: Starting simulation
│   output_name = "with_gm"
└   stop_time = 6.31584e7
[ Info: Initializing simulation...
[ Info: time: 0 seconds, iter: 0, Δt: 20 minutes, max|u|: (0.00e+00, 0.00e+00, NaN) m/s, T: (-1.88, 29.99) °C, S: (11.88, 40.64) g/kg, η: (0.00, 0.00) m, wall: 9.032 seconds
[ Info:     ... simulation initialization complete (105.877 ms)
[ Info: Executing initial time step...
[ Info:     ... initial time step complete (4.598 minutes).
[ Info: time: 3.333 hours, iter: 10, Δt: 20 minutes, max|u|: (1.04e+00, 1.05e+00, 6.55e-03) m/s, T: (-1.92, 30.73) °C, S: (11.82, 41.45) g/kg, η: (-1.31, 1.22) m, wall: 4.678 minutes
[ Info: time: 6.667 hours, iter: 20, Δt: 20 minutes, max|u|: (1.20e+00, 1.35e+00, 1.14e-02) m/s, T: (-1.99, 31.27) °C, S: (11.63, 42.43) g/kg, η: (-2.59, 2.03) m, wall: 5.187 seconds
[ Info: time: 10 hours, iter: 30, Δt: 20 minutes, max|u|: (1.23e+00, 1.55e+00, 1.46e-02) m/s, T: (-2.05, 31.65) °C, S: (11.42, 42.91) g/kg, η: (-2.55, 1.84) m, wall: 5.166 seconds
[ Info: time: 13.333 hours, iter: 40, Δt: 20 minutes, max|u|: (1.41e+00, 1.91e+00, 1.58e-02) m/s, T: (-2.09, 31.95) °C, S: (11.18, 43.25) g/kg, η: (-2.11, 1.81) m, wall: 5.182 seconds
[ Info: time: 16.667 hours, iter: 50, Δt: 20 minutes, max|u|: (1.36e+00, 1.49e+00, 1.53e-02) m/s, T: (-2.12, 32.21) °C, S: (10.99, 43.58) g/kg, η: (-2.88, 1.84) m, wall: 5.165 seconds
[ Info: time: 20 hours, iter: 60, Δt: 20 minutes, max|u|: (1.46e+00, 1.61e+00, 1.38e-02) m/s, T: (-2.14, 32.43) °C, S: (10.83, 43.93) g/kg, η: (-2.04, 2.06) m, wall: 5.181 seconds
[ Info: time: 23.333 hours, iter: 70, Δt: 20 minutes, max|u|: (1.79e+00, 1.91e+00, 1.26e-02) m/s, T: (-2.17, 32.60) °C, S: (10.69, 44.22) g/kg, η: (-2.80, 2.32) m, wall: 5.171 seconds
[ Info: time: 1.111 days, iter: 80, Δt: 20 minutes, max|u|: (2.37e+00, 2.10e+00, 1.25e-02) m/s, T: (-2.20, 32.75) °C, S: (10.57, 44.51) g/kg, η: (-3.11, 3.52) m, wall: 5.164 seconds
[ Info: time: 1.250 days, iter: 90, Δt: 20 minutes, max|u|: (2.33e+00, 1.65e+00, 1.22e-02) m/s, T: (-2.24, 32.88) °C, S: (10.45, 44.83) g/kg, η: (-3.48, 2.67) m, wall: 5.181 seconds
[ Info: time: 1.389 days, iter: 100, Δt: 20 minutes, max|u|: (1.69e+00, 1.57e+00, 1.16e-02) m/s, T: (-2.27, 33.02) °C, S: (10.34, 45.33) g/kg, η: (-3.00, 2.97) m, wall: 5.172 seconds
[ Info: time: 1.528 days, iter: 110, Δt: 20 minutes, max|u|: (2.62e+00, 1.76e+00, 1.08e-02) m/s, T: (-2.30, 33.18) °C, S: (10.23, 45.73) g/kg, η: (-2.23, 2.29) m, wall: 5.262 seconds
[ Info: time: 1.667 days, iter: 120, Δt: 20 minutes, max|u|: (2.80e+00, 1.21e+00, 9.96e-03) m/s, T: (-2.32, 33.33) °C, S: (10.13, 46.13) g/kg, η: (-2.80, 2.99) m, wall: 5.177 seconds
[ Info: time: 1.806 days, iter: 130, Δt: 20 minutes, max|u|: (2.81e+00, 1.25e+00, 9.08e-03) m/s, T: (-2.34, 33.49) °C, S: (10.04, 46.47) g/kg, η: (-2.87, 2.65) m, wall: 5.162 seconds
[ Info: time: 1.944 days, iter: 140, Δt: 20 minutes, max|u|: (2.44e+00, 1.68e+00, 8.18e-03) m/s, T: (-2.37, 33.67) °C, S: (9.95, 46.91) g/kg, η: (-2.41, 2.12) m, wall: 5.176 seconds
[ Info: time: 2.083 days, iter: 150, Δt: 20 minutes, max|u|: (2.35e+00, 1.71e+00, 8.27e-03) m/s, T: (-2.38, 33.82) °C, S: (9.87, 47.32) g/kg, η: (-2.25, 1.90) m, wall: 5.166 seconds
[ Info: time: 2.222 days, iter: 160, Δt: 20 minutes, max|u|: (2.80e+00, 1.23e+00, 8.50e-03) m/s, T: (-2.40, 33.95) °C, S: (9.79, 47.54) g/kg, η: (-2.19, 1.69) m, wall: 5.164 seconds
[ Info: time: 2.361 days, iter: 170, Δt: 20 minutes, max|u|: (2.35e+00, 1.31e+00, 8.67e-03) m/s, T: (-2.42, 34.10) °C, S: (9.72, 47.78) g/kg, η: (-2.12, 1.76) m, wall: 5.180 seconds
[ Info: time: 2.500 days, iter: 180, Δt: 20 minutes, max|u|: (2.19e+00, 1.31e+00, 8.73e-03) m/s, T: (-2.44, 34.24) °C, S: (9.66, 47.96) g/kg, η: (-2.13, 1.66) m, wall: 5.186 seconds
[ Info: time: 2.639 days, iter: 190, Δt: 20 minutes, max|u|: (1.65e+00, 1.79e+00, 8.66e-03) m/s, T: (-2.46, 34.38) °C, S: (9.60, 48.23) g/kg, η: (-2.59, 1.75) m, wall: 5.178 seconds
[ Info: time: 2.778 days, iter: 200, Δt: 20 minutes, max|u|: (1.92e+00, 1.29e+00, 9.51e-03) m/s, T: (-2.47, 34.51) °C, S: (9.54, 48.48) g/kg, η: (-2.62, 1.67) m, wall: 5.170 seconds
[ Info: time: 2.917 days, iter: 210, Δt: 20 minutes, max|u|: (2.05e+00, 1.54e+00, 1.05e-02) m/s, T: (-2.46, 34.64) °C, S: (9.49, 48.67) g/kg, η: (-3.25, 1.79) m, wall: 5.178 seconds
[ Info: time: 3.056 days, iter: 220, Δt: 20 minutes, max|u|: (1.70e+00, 2.23e+00, 1.32e-02) m/s, T: (-2.46, 34.77) °C, S: (9.51, 48.77) g/kg, η: (-2.69, 1.46) m, wall: 5.187 seconds
[ Info: time: 3.194 days, iter: 230, Δt: 20 minutes, max|u|: (1.82e+00, 1.87e+00, 1.57e-02) m/s, T: (-2.47, 34.90) °C, S: (9.54, 48.89) g/kg, η: (-2.20, 1.44) m, wall: 5.171 seconds
[ Info: time: 3.333 days, iter: 240, Δt: 20 minutes, max|u|: (1.71e+00, 1.94e+00, 1.71e-02) m/s, T: (-2.48, 35.03) °C, S: (9.48, 49.52) g/kg, η: (-2.05, 1.67) m, wall: 5.163 seconds
[ Info: time: 3.472 days, iter: 250, Δt: 20 minutes, max|u|: (1.62e+00, 1.47e+00, 1.75e-02) m/s, T: (-2.49, 35.15) °C, S: (9.42, 50.16) g/kg, η: (-2.00, 2.66) m, wall: 5.184 seconds
[ Info: time: 3.611 days, iter: 260, Δt: 20 minutes, max|u|: (1.79e+00, 1.08e+00, 1.73e-02) m/s, T: (-2.50, 35.27) °C, S: (9.37, 50.80) g/kg, η: (-2.30, 2.75) m, wall: 5.158 seconds
[ Info: time: 3.750 days, iter: 270, Δt: 20 minutes, max|u|: (1.69e+00, 1.61e+00, 1.68e-02) m/s, T: (-2.52, 35.39) °C, S: (9.36, 51.45) g/kg, η: (-2.09, 1.58) m, wall: 5.183 seconds
[ Info: time: 3.889 days, iter: 280, Δt: 20 minutes, max|u|: (1.82e+00, 1.66e+00, 1.57e-02) m/s, T: (-2.53, 35.50) °C, S: (9.32, 52.12) g/kg, η: (-2.11, 1.58) m, wall: 5.169 seconds
[ Info: time: 4.028 days, iter: 290, Δt: 20 minutes, max|u|: (1.53e+00, 1.51e+00, 1.42e-02) m/s, T: (-2.54, 35.60) °C, S: (9.29, 52.75) g/kg, η: (-2.22, 2.01) m, wall: 5.181 seconds
[ Info: time: 4.167 days, iter: 300, Δt: 20 minutes, max|u|: (1.82e+00, 1.21e+00, 1.51e-02) m/s, T: (-2.55, 35.72) °C, S: (9.30, 53.37) g/kg, η: (-2.14, 2.01) m, wall: 5.180 seconds
[ Info: time: 4.306 days, iter: 310, Δt: 20 minutes, max|u|: (2.07e+00, 1.64e+00, 1.65e-02) m/s, T: (-2.56, 35.83) °C, S: (9.29, 53.98) g/kg, η: (-2.16, 2.49) m, wall: 5.176 seconds
[ Info: time: 4.444 days, iter: 320, Δt: 20 minutes, max|u|: (2.24e+00, 1.72e+00, 1.73e-02) m/s, T: (-2.57, 35.94) °C, S: (9.23, 54.56) g/kg, η: (-2.14, 2.33) m, wall: 5.187 seconds
[ Info: time: 4.583 days, iter: 330, Δt: 20 minutes, max|u|: (1.98e+00, 1.53e+00, 1.73e-02) m/s, T: (-2.58, 36.05) °C, S: (9.17, 55.12) g/kg, η: (-2.01, 2.46) m, wall: 5.178 seconds
[ Info: time: 4.722 days, iter: 340, Δt: 20 minutes, max|u|: (1.96e+00, 1.31e+00, 1.65e-02) m/s, T: (-2.59, 36.16) °C, S: (9.14, 55.68) g/kg, η: (-2.09, 2.08) m, wall: 5.176 seconds
[ Info: time: 4.861 days, iter: 350, Δt: 20 minutes, max|u|: (2.00e+00, 1.38e+00, 1.66e-02) m/s, T: (-2.60, 36.25) °C, S: (9.14, 56.23) g/kg, η: (-1.89, 1.78) m, wall: 5.177 seconds
[ Info: time: 5 days, iter: 360, Δt: 20 minutes, max|u|: (1.86e+00, 1.52e+00, 1.80e-02) m/s, T: (-2.62, 36.33) °C, S: (9.15, 56.76) g/kg, η: (-2.00, 1.69) m, wall: 5.185 seconds
[ Info: time: 5.139 days, iter: 370, Δt: 20 minutes, max|u|: (2.00e+00, 1.39e+00, 1.85e-02) m/s, T: (-2.64, 36.42) °C, S: (9.10, 57.28) g/kg, η: (-1.86, 1.57) m, wall: 5.180 seconds
[ Info: time: 5.278 days, iter: 380, Δt: 20 minutes, max|u|: (2.04e+00, 1.47e+00, 1.82e-02) m/s, T: (-2.66, 36.51) °C, S: (9.03, 57.77) g/kg, η: (-1.96, 1.44) m, wall: 5.178 seconds
[ Info: time: 5.417 days, iter: 390, Δt: 20 minutes, max|u|: (2.29e+00, 1.50e+00, 1.72e-02) m/s, T: (-2.68, 36.58) °C, S: (8.79, 58.24) g/kg, η: (-1.82, 1.51) m, wall: 5.283 seconds
[ Info: time: 5.556 days, iter: 400, Δt: 20 minutes, max|u|: (2.07e+00, 1.54e+00, 1.60e-02) m/s, T: (-2.70, 36.65) °C, S: (8.64, 58.70) g/kg, η: (-1.83, 1.33) m, wall: 5.185 seconds
[ Info: time: 5.694 days, iter: 410, Δt: 20 minutes, max|u|: (1.55e+00, 1.61e+00, 1.48e-02) m/s, T: (-2.72, 36.74) °C, S: (8.52, 59.14) g/kg, η: (-1.83, 1.21) m, wall: 5.179 seconds
[ Info: time: 5.833 days, iter: 420, Δt: 20 minutes, max|u|: (1.35e+00, 1.73e+00, 1.35e-02) m/s, T: (-2.74, 36.82) °C, S: (8.27, 59.56) g/kg, η: (-1.93, 1.42) m, wall: 5.179 seconds
[ Info: time: 5.972 days, iter: 430, Δt: 20 minutes, max|u|: (1.32e+00, 1.62e+00, 1.36e-02) m/s, T: (-2.75, 36.90) °C, S: (8.08, 59.97) g/kg, η: (-1.87, 1.95) m, wall: 5.180 seconds
[ Info: time: 6.111 days, iter: 440, Δt: 20 minutes, max|u|: (1.40e+00, 1.39e+00, 1.37e-02) m/s, T: (-2.77, 36.97) °C, S: (8.02, 60.38) g/kg, η: (-1.89, 2.03) m, wall: 5.193 seconds
[ Info: time: 6.250 days, iter: 450, Δt: 20 minutes, max|u|: (1.52e+00, 1.36e+00, 1.40e-02) m/s, T: (-2.78, 37.05) °C, S: (7.87, 60.77) g/kg, η: (-1.78, 1.75) m, wall: 5.179 seconds
[ Info: time: 6.389 days, iter: 460, Δt: 20 minutes, max|u|: (1.58e+00, 1.33e+00, 1.51e-02) m/s, T: (-2.80, 37.12) °C, S: (7.64, 61.10) g/kg, η: (-1.89, 1.77) m, wall: 5.199 seconds
[ Info: time: 6.528 days, iter: 470, Δt: 20 minutes, max|u|: (1.62e+00, 1.37e+00, 1.58e-02) m/s, T: (-2.82, 37.17) °C, S: (7.55, 61.40) g/kg, η: (-1.78, 2.02) m, wall: 5.180 seconds
[ Info: time: 6.667 days, iter: 480, Δt: 20 minutes, max|u|: (1.55e+00, 1.27e+00, 1.52e-02) m/s, T: (-2.84, 37.24) °C, S: (7.54, 61.66) g/kg, η: (-1.74, 1.67) m, wall: 5.194 seconds
[ Info: time: 6.806 days, iter: 490, Δt: 20 minutes, max|u|: (1.43e+00, 1.18e+00, 1.45e-02) m/s, T: (-2.85, 37.33) °C, S: (7.54, 61.87) g/kg, η: (-1.73, 1.51) m, wall: 5.163 seconds
[ Info: time: 6.944 days, iter: 500, Δt: 20 minutes, max|u|: (1.40e+00, 1.29e+00, 1.46e-02) m/s, T: (-2.87, 37.46) °C, S: (7.58, 62.06) g/kg, η: (-1.89, 1.14) m, wall: 5.168 seconds
[ Info: time: 7.083 days, iter: 510, Δt: 20 minutes, max|u|: (1.37e+00, 1.30e+00, 1.45e-02) m/s, T: (-2.89, 37.58) °C, S: (7.66, 62.24) g/kg, η: (-1.72, 1.14) m, wall: 5.172 seconds
[ Info: time: 7.222 days, iter: 520, Δt: 20 minutes, max|u|: (1.27e+00, 1.18e+00, 1.40e-02) m/s, T: (-2.90, 37.69) °C, S: (7.67, 62.39) g/kg, η: (-1.76, 1.36) m, wall: 5.170 seconds
[ Info: time: 7.361 days, iter: 530, Δt: 20 minutes, max|u|: (1.26e+00, 1.28e+00, 1.68e-02) m/s, T: (-2.92, 37.79) °C, S: (7.68, 62.50) g/kg, η: (-1.76, 1.54) m, wall: 5.196 seconds
[ Info: time: 7.500 days, iter: 540, Δt: 20 minutes, max|u|: (1.36e+00, 1.54e+00, 1.49e-02) m/s, T: (-2.95, 37.89) °C, S: (7.72, 62.61) g/kg, η: (-1.81, 1.72) m, wall: 5.182 seconds
[ Info: time: 7.639 days, iter: 550, Δt: 20 minutes, max|u|: (1.58e+00, 1.50e+00, 1.42e-02) m/s, T: (-2.97, 37.99) °C, S: (7.77, 62.71) g/kg, η: (-1.77, 1.88) m, wall: 5.183 seconds
[ Info: time: 7.778 days, iter: 560, Δt: 20 minutes, max|u|: (1.69e+00, 1.62e+00, 1.43e-02) m/s, T: (-2.98, 38.08) °C, S: (7.80, 62.81) g/kg, η: (-1.87, 1.71) m, wall: 5.170 seconds
[ Info: time: 7.917 days, iter: 570, Δt: 20 minutes, max|u|: (1.66e+00, 1.78e+00, 1.53e-02) m/s, T: (-2.99, 38.16) °C, S: (7.83, 62.87) g/kg, η: (-1.80, 1.32) m, wall: 5.190 seconds
[ Info: time: 8.056 days, iter: 580, Δt: 20 minutes, max|u|: (2.15e+00, 1.77e+00, 1.43e-02) m/s, T: (-3.01, 38.24) °C, S: (7.89, 62.92) g/kg, η: (-1.83, 1.18) m, wall: 5.188 seconds
[ Info: time: 8.194 days, iter: 590, Δt: 20 minutes, max|u|: (2.54e+00, 1.64e+00, 1.34e-02) m/s, T: (-3.02, 38.31) °C, S: (7.83, 62.96) g/kg, η: (-1.81, 1.16) m, wall: 5.181 seconds
[ Info: time: 8.333 days, iter: 600, Δt: 20 minutes, max|u|: (2.47e+00, 1.57e+00, 1.61e-02) m/s, T: (-3.04, 38.37) °C, S: (7.69, 63.01) g/kg, η: (-1.87, 1.18) m, wall: 5.197 seconds
[ Info: time: 8.472 days, iter: 610, Δt: 20 minutes, max|u|: (1.65e+00, 1.56e+00, 2.19e-02) m/s, T: (-3.05, 38.43) °C, S: (7.63, 63.04) g/kg, η: (-1.88, 1.43) m, wall: 5.188 seconds
[ Info: time: 8.611 days, iter: 620, Δt: 20 minutes, max|u|: (1.71e+00, 1.52e+00, 2.56e-02) m/s, T: (-3.06, 38.50) °C, S: (7.63, 63.07) g/kg, η: (-1.83, 1.42) m, wall: 5.194 seconds
[ Info: time: 8.750 days, iter: 630, Δt: 20 minutes, max|u|: (1.79e+00, 1.51e+00, 2.39e-02) m/s, T: (-3.07, 38.61) °C, S: (7.66, 63.09) g/kg, η: (-1.92, 1.13) m, wall: 5.183 seconds
[ Info: time: 8.889 days, iter: 640, Δt: 20 minutes, max|u|: (1.84e+00, 1.55e+00, 1.71e-02) m/s, T: (-3.09, 38.67) °C, S: (7.71, 63.11) g/kg, η: (-2.12, 1.12) m, wall: 5.183 seconds
[ Info: time: 9.028 days, iter: 650, Δt: 20 minutes, max|u|: (1.85e+00, 1.59e+00, 1.77e-02) m/s, T: (-3.10, 38.71) °C, S: (7.78, 63.13) g/kg, η: (-2.04, 1.24) m, wall: 5.200 seconds
[ Info: time: 9.167 days, iter: 660, Δt: 20 minutes, max|u|: (1.90e+00, 1.66e+00, 1.75e-02) m/s, T: (-3.11, 38.78) °C, S: (7.75, 63.14) g/kg, η: (-1.95, 1.31) m, wall: 5.193 seconds
[ Info: time: 9.306 days, iter: 670, Δt: 20 minutes, max|u|: (2.02e+00, 1.76e+00, 1.67e-02) m/s, T: (-3.13, 38.87) °C, S: (7.71, 63.16) g/kg, η: (-1.94, 1.30) m, wall: 5.178 seconds
[ Info: time: 9.444 days, iter: 680, Δt: 20 minutes, max|u|: (2.14e+00, 1.84e+00, 1.78e-02) m/s, T: (-3.14, 38.95) °C, S: (7.64, 63.18) g/kg, η: (-2.07, 1.32) m, wall: 5.201 seconds
[ Info: time: 9.583 days, iter: 690, Δt: 20 minutes, max|u|: (2.18e+00, 1.84e+00, 1.86e-02) m/s, T: (-3.16, 39.01) °C, S: (7.53, 63.21) g/kg, η: (-2.03, 1.47) m, wall: 5.186 seconds
[ Info: time: 9.722 days, iter: 700, Δt: 20 minutes, max|u|: (2.19e+00, 1.80e+00, 2.01e-02) m/s, T: (-3.17, 39.08) °C, S: (7.19, 63.24) g/kg, η: (-1.95, 1.46) m, wall: 5.202 seconds
[ Info: time: 9.861 days, iter: 710, Δt: 20 minutes, max|u|: (2.17e+00, 1.71e+00, 2.04e-02) m/s, T: (-3.19, 39.15) °C, S: (7.05, 63.27) g/kg, η: (-2.01, 1.18) m, wall: 5.173 seconds
[ Info: time: 10 days, iter: 720, Δt: 20 minutes, max|u|: (2.08e+00, 1.56e+00, 1.82e-02) m/s, T: (-3.21, 39.22) °C, S: (6.97, 63.51) g/kg, η: (-2.11, 1.22) m, wall: 5.174 seconds
[ Info: time: 10.139 days, iter: 730, Δt: 20 minutes, max|u|: (2.25e+00, 1.77e+00, 1.77e-02) m/s, T: (-3.22, 39.28) °C, S: (6.86, 63.85) g/kg, η: (-2.08, 1.13) m, wall: 5.175 seconds
[ Info: time: 10.278 days, iter: 740, Δt: 20 minutes, max|u|: (3.11e+00, 1.91e+00, 1.91e-02) m/s, T: (-3.24, 39.35) °C, S: (6.79, 64.21) g/kg, η: (-2.04, 1.19) m, wall: 5.181 seconds
[ Info: time: 10.417 days, iter: 750, Δt: 20 minutes, max|u|: (NaN, NaN, NaN) m/s, T: (NaN, NaN) °C, S: (NaN, NaN) g/kg, η: (NaN, NaN) m, wall: 5.231 seconds
[ Info: time: 10.556 days, iter: 760, Δt: 20 minutes, max|u|: (NaN, NaN, NaN) m/s, T: (NaN, NaN) °C, S: (NaN, NaN) g/kg, η: (NaN, NaN) m, wall: 5.719 seconds
[ Info: time: 10.694 days, iter: 770, Δt: 20 minutes, max|u|: (NaN, NaN, NaN) m/s, T: (NaN, NaN) °C, S: (NaN, NaN) g/kg, η: (NaN, NaN) m, wall: 5.701 seconds
[ Info: time: 10.833 days, iter: 780, Δt: 20 minutes, max|u|: (NaN, NaN, NaN) m/s, T: (NaN, NaN) °C, S: (NaN, NaN) g/kg, η: (NaN, NaN) m, wall: 5.705 seconds
[ Info: time: 10.972 days, iter: 790, Δt: 20 minutes, max|u|: (NaN, NaN, NaN) m/s, T: (NaN, NaN) °C, S: (NaN, NaN) g/kg, η: (NaN, NaN) m, wall: 5.708 seconds
[ Info: time = 960000.0, iteration = 800: NaN found in field T_ocean. Stopping simulation.
[ Info: time: 11.111 days, iter: 800, Δt: 20 minutes, max|u|: (NaN, NaN, NaN) m/s, T: (NaN, NaN) °C, S: (NaN, NaN) g/kg, η: (NaN, NaN) m, wall: 5.729 seconds
┌ Info: Simulation complete
└   output_name = "with_gm"
ERROR: LoadError: MethodError: no method matching merge(::@NamedTuple{closure::Tuple{CATKEVerticalDiffusivity{VerticallyImplicitTimeDiscretization, Oceananigans.TurbulenceClosures.TKEBasedVerticalDiffusivities.CATKEMixingLength{Float64}, Float64, Nothing, Oceananigans.TurbulenceClosures.TKEBasedVerticalDiffusivities.CATKEEquation{Float64}}, VerticalScalarDiffusivity{Oceananigans.TurbulenceClosures.ExplicitTimeDiscretization, 1, Float64, Float64}, ScalarBiharmonicDiffusivity{Oceananigans.TurbulenceClosures.HorizontalFormulation, 2, Oceananigans.TurbulenceClosures.DiscreteDiffusionFunction{Nothing, Nothing, Nothing, Float64, var"#νhb#default_ocean_configuration##1"}, Float64}}, free_surface::SplitExplicitFreeSurface{true, Nothing, Nothing, Nothing, Float64, Nothing, Oceananigans.Models.HydrostaticFreeSurfaceModels.SplitExplicitFreeSurfaces.FixedSubstepNumber{Float64, NTuple{108, Float64}}, Oceananigans.Models.HydrostaticFreeSurfaceModels.SplitExplicitFreeSurfaces.ForwardBackwardScheme}, momentum_advection::WENOVectorInvariant{3, 3, Float64, false, WENO{3, Float64, Float32, Nothing, WENO{2, Float64, Float32, Nothing, UpwindBiased{1, Float64, Nothing, Centered{1, Float64, Nothing}}, Centered{1, Float64, Nothing}}, Centered{2, Float64, Centered{1, Float64, Nothing}}}, Oceananigans.Advection.VelocityStencil, WENO{3, Float64, Float32, Nothing, WENO{2, Float64, Float32, Nothing, UpwindBiased{1, Float64, Nothing, Centered{1, Float64, Nothing}}, Centered{1, Float64, Nothing}}, Centered{2, Float64, Centered{1, Float64, Nothing}}}, WENO{3, Float64, Float32, Nothing, WENO{2, Float64, Float32, Nothing, UpwindBiased{1, Float64, Nothing, Centered{1, Float64, Nothing}}, Centered{1, Float64, Nothing}}, Centered{2, Float64, Centered{1, Float64, Nothing}}}, WENO{3, Float64, Float32, Nothing, WENO{2, Float64, Float32, Nothing, UpwindBiased{1, Float64, Nothing, Centered{1, Float64, Nothing}}, Centered{1, Float64, Nothing}}, Centered{2, Float64, Centered{1, Float64, Nothing}}}, Oceananigans.Advection.OnlySelfUpwinding{Centered{2, Float64, Centered{1, Float64, Nothing}}, Oceananigans.Advection.FunctionStencil{typeof(Oceananigans.Advection.divergence_smoothness)}, Oceananigans.Advection.FunctionStencil{typeof(Oceananigans.Advection.divergence_smoothness)}, Oceananigans.Advection.FunctionStencil{typeof(Oceananigans.Advection.u_smoothness)}, Oceananigans.Advection.FunctionStencil{typeof(Oceananigans.Advection.v_smoothness)}}}, tracer_advection::WENO{3, Float64, Float32, Nothing, WENO{2, Float64, Float32, Nothing, Centered{1, Float64, Nothing}, Centered{1, Float64, Nothing}}, Centered{2, Float64, Centered{1, Float64, Nothing}}}, timestepper::Symbol, forcing::@NamedTuple{S::DatasetRestoring{FieldTimeSeries{Center, Center, Center, Oceananigans.OutputReaders.Cyclical{Float64}, NumericalEarth.DataWrangling.DatasetBackend{NumericalEarth.DataWrangling.on_native_grid, true, NumericalEarth.DataWrangling.NearestNeighborInpainting{Float64}, Metadata{EN4Monthly, Vector{DateTime}, Nothing}}, Tuple{Colon, Colon, Colon}, OffsetArrays.OffsetArray{Float64, 4, CuArray{Float64, 4, CUDA.DeviceMemory}}, ImmersedBoundaryGrid{Float64, Periodic, RightCenterFolded, Bounded, OrthogonalSphericalShellGrid{Float64, Periodic, RightCenterFolded, Bounded, MutableVerticalDiscretization{OffsetArrays.OffsetVector{Float64, CuArray{Float64, 1, CUDA.DeviceMemory}}, OffsetArrays.OffsetVector{Float64, CuArray{Float64, 1, CUDA.DeviceMemory}}, OffsetArrays.OffsetVector{Float64, CuArray{Float64, 1, CUDA.DeviceMemory}}, OffsetArrays.OffsetVector{Float64, CuArray{Float64, 1, CUDA.DeviceMemory}}, OffsetArrays.OffsetArray{Float64, 3, CuArray{Float64, 3, CUDA.DeviceMemory}}, OffsetArrays.OffsetArray{Float64, 3, CuArray{Float64, 3, CUDA.DeviceMemory}}, OffsetArrays.OffsetArray{Float64, 3, CuArray{Float64, 3, CUDA.DeviceMemory}}, OffsetArrays.OffsetArray{Float64, 3, CuArray{Float64, 3, CUDA.DeviceMemory}}, OffsetArrays.OffsetArray{Float64, 3, CuArray{Float64, 3, CUDA.DeviceMemory}}}, Oceananigans.OrthogonalSphericalShellGrids.Tripolar{Int64, Int64, Int64}, OffsetArrays.OffsetMatrix{Float64, CuArray{Float64, 2, CUDA.DeviceMemory}}, OffsetArrays.OffsetMatrix{Float64, CuArray{Float64, 2, CUDA.DeviceMemory}}, OffsetArrays.OffsetMatrix{Float64, CuArray{Float64, 2, CUDA.DeviceMemory}}, OffsetArrays.OffsetMatrix{Float64, CuArray{Float64, 2, CUDA.DeviceMemory}}, GPU{CUDABackend}, Float64}, GridFittedBottom{Field{Center, Center, Nothing, Nothing, OrthogonalSphericalShellGrid{Float64, Periodic, RightCenterFolded, Bounded, MutableVerticalDiscretization{OffsetArrays.OffsetVector{Float64, CuArray{Float64, 1, CUDA.DeviceMemory}}, OffsetArrays.OffsetVector{Float64, CuArray{Float64, 1, CUDA.DeviceMemory}}, OffsetArrays.OffsetVector{Float64, CuArray{Float64, 1, CUDA.DeviceMemory}}, OffsetArrays.OffsetVector{Float64, CuArray{Float64, 1, CUDA.DeviceMemory}}, OffsetArrays.OffsetArray{Float64, 3, CuArray{Float64, 3, CUDA.DeviceMemory}}, OffsetArrays.OffsetArray{Float64, 3, CuArray{Float64, 3, CUDA.DeviceMemory}}, OffsetArrays.OffsetArray{Float64, 3, CuArray{Float64, 3, CUDA.DeviceMemory}}, OffsetArrays.OffsetArray{Float64, 3, CuArray{Float64, 3, CUDA.DeviceMemory}}, OffsetArrays.OffsetArray{Float64, 3, CuArray{Float64, 3, CUDA.DeviceMemory}}}, Oceananigans.OrthogonalSphericalShellGrids.Tripolar{Int64, Int64, Int64}, OffsetArrays.OffsetMatrix{Float64, CuArray{Float64, 2, CUDA.DeviceMemory}}, OffsetArrays.OffsetMatrix{Float64, CuArray{Float64, 2, CUDA.DeviceMemory}}, OffsetArrays.OffsetMatrix{Float64, CuArray{Float64, 2, CUDA.DeviceMemory}}, OffsetArrays.OffsetMatrix{Float64, CuArray{Float64, 2, CUDA.DeviceMemory}}, GPU{CUDABackend}, Float64}, Tuple{Colon, Colon, Colon}, OffsetArrays.OffsetArray{Float64, 3, CuArray{Float64, 3, CUDA.DeviceMemory}}, Float64, FieldBoundaryConditions{BoundaryCondition{Oceananigans.BoundaryConditions.Periodic, Nothing}, BoundaryCondition{Oceananigans.BoundaryConditions.Periodic, Nothing}, Oceananigans.BoundaryConditions.NoFluxBoundaryCondition, BoundaryCondition{Oceananigans.BoundaryConditions.Zipper{Oceananigans.BoundaryConditions.UPivot}, Float64}, Nothing, Nothing, Nothing, @NamedTuple{bottom_and_top::Nothing, south_and_north::KernelAbstractions.Kernel{CUDABackend, KernelAbstractions.NDIteration.StaticSize{(256, 1)}, Oceananigans.Utils.OffsetStaticSize{(1:360, 1:1)}, typeof(Oceananigans.BoundaryConditions.gpu__fill_south_and_north_halo!)}, west_and_east::KernelAbstractions.Kernel{CUDABackend, KernelAbstractions.NDIteration.StaticSize{(194, 1)}, Oceananigans.Utils.OffsetStaticSize{(1:194, 1:1)}, typeof(Oceananigans.BoundaryConditions.gpu__fill_periodic_west_and_east_halo!)}}, @NamedTuple{bottom_and_top::Tuple{Nothing, Nothing}, south_and_north::Tuple{Oceananigans.BoundaryConditions.NoFluxBoundaryCondition, BoundaryCondition{Oceananigans.BoundaryConditions.Zipper{Oceananigans.BoundaryConditions.UPivot}, Float64}}, west_and_east::Tuple{BoundaryCondition{Oceananigans.BoundaryConditions.Periodic, Nothing}, BoundaryCondition{Oceananigans.BoundaryConditions.Periodic, Nothing}}}}, Nothing, Nothing}, Oceananigans.ImmersedBoundaries.CenterImmersedCondition}, CuArray{Tuple{UInt16, UInt16, UInt16}, 1, CUDA.DeviceMemory}, CuArray{Tuple{UInt16, UInt16}, 1, CUDA.DeviceMemory}, GPU{CUDABackend}}, Float64, FieldBoundaryConditions{BoundaryCondition{Oceananigans.BoundaryConditions.Periodic, Nothing}, BoundaryCondition{Oceananigans.BoundaryConditions.Periodic, Nothing}, Oceananigans.BoundaryConditions.NoFluxBoundaryCondition, BoundaryCondition{Oceananigans.BoundaryConditions.Zipper{Oceananigans.BoundaryConditions.UPivot}, Float64}, Oceananigans.BoundaryConditions.NoFluxBoundaryCondition, Oceananigans.BoundaryConditions.NoFluxBoundaryCondition, Oceananigans.BoundaryConditions.NoFluxBoundaryCondition, Nothing, Nothing}, CuArray{Float64, 1, CUDA.DeviceMemory}, Nothing, Nothing, @NamedTuple{}}, Nothing, var"#mask#default_ocean_configuration##0"{Float64}, NumericalEarth.DataWrangling.Salinity, Float64}}, radiative_forcing::Nothing}, ::@NamedTuple{tracer_advection::Centered{1, Float64, Nothing}}; momentum_advection::Centered{1, Float64, Nothing}, closure::Tuple{HorizontalScalarDiffusivity{Oceananigans.TurbulenceClosures.ExplicitTimeDiscretization, 1, Float64, Float64}, CATKEVerticalDiffusivity{VerticallyImplicitTimeDiscretization, Oceananigans.TurbulenceClosures.TKEBasedVerticalDiffusivities.CATKEMixingLength{Float64}, Float64, Nothing, Oceananigans.TurbulenceClosures.TKEBasedVerticalDiffusivities.CATKEEquation{Float64}}, VerticalScalarDiffusivity{Oceananigans.TurbulenceClosures.ExplicitTimeDiscretization, 1, Float64, Float64}, ScalarBiharmonicDiffusivity{Oceananigans.TurbulenceClosures.HorizontalFormulation, 2, Oceananigans.TurbulenceClosures.DiscreteDiffusionFunction{Nothing, Nothing, Nothing, Float64, var"#νhb#default_ocean_configuration##1"}, Float64}})
This method does not support all of the given keyword arguments (and may not support any).

Closest candidates are:
  merge(::NamedTuple{an}, ::NamedTuple{bn}) where {an, bn} got unsupported keyword arguments "momentum_advection", "closure"
   @ Base namedtuple.jl:331
  merge(::NamedTuple, ::NamedTuple, NamedTuple...) got unsupported keyword arguments "momentum_advection", "closure"
   @ Base namedtuple.jl:350
  merge(::NamedTuple, ::Any) got unsupported keyword arguments "momentum_advection", "closure"
   @ Base namedtuple.jl:364
  ...

Stacktrace:
 [1] top-level scope
   @ /orcd/scratch/orcd/003/ssilvest/NumericalEarth.jl/diagnostic_runs.jl:172
 [2] include(mod::Module, _path::String)
   @ Base ./Base.jl:306
 [3] exec_options(opts::Base.JLOptions)
   @ Base ./client.jl:317
 [4] _start()
   @ Base ./client.jl:550
in expression starting at /orcd/scratch/orcd/003/ssilvest/NumericalEarth.jl/diagnostic_runs.jl:172
